TimeQuest Timing Analyzer report for RippleCounter
Fri Apr 26 10:48:29 2019
Quartus Prime Version 16.1.0 Build 196 10/24/2016 SJ Lite Edition


---------------------
; Table of Contents ;
---------------------
  1. Legal Notice
  2. TimeQuest Timing Analyzer Summary
  3. Parallel Compilation
  4. SDC File List
  5. Clocks
  6. Slow 1100mV 85C Model Fmax Summary
  7. Timing Closure Recommendations
  8. Slow 1100mV 85C Model Setup Summary
  9. Slow 1100mV 85C Model Hold Summary
 10. Slow 1100mV 85C Model Recovery Summary
 11. Slow 1100mV 85C Model Removal Summary
 12. Slow 1100mV 85C Model Minimum Pulse Width Summary
 13. Slow 1100mV 85C Model Metastability Summary
 14. Slow 1100mV 0C Model Fmax Summary
 15. Slow 1100mV 0C Model Setup Summary
 16. Slow 1100mV 0C Model Hold Summary
 17. Slow 1100mV 0C Model Recovery Summary
 18. Slow 1100mV 0C Model Removal Summary
 19. Slow 1100mV 0C Model Minimum Pulse Width Summary
 20. Slow 1100mV 0C Model Metastability Summary
 21. Fast 1100mV 85C Model Setup Summary
 22. Fast 1100mV 85C Model Hold Summary
 23. Fast 1100mV 85C Model Recovery Summary
 24. Fast 1100mV 85C Model Removal Summary
 25. Fast 1100mV 85C Model Minimum Pulse Width Summary
 26. Fast 1100mV 85C Model Metastability Summary
 27. Fast 1100mV 0C Model Setup Summary
 28. Fast 1100mV 0C Model Hold Summary
 29. Fast 1100mV 0C Model Recovery Summary
 30. Fast 1100mV 0C Model Removal Summary
 31. Fast 1100mV 0C Model Minimum Pulse Width Summary
 32. Fast 1100mV 0C Model Metastability Summary
 33. Multicorner Timing Analysis Summary
 34. Board Trace Model Assignments
 35. Input Transition Times
 36. Signal Integrity Metrics (Slow 1100mv 0c Model)
 37. Signal Integrity Metrics (Slow 1100mv 85c Model)
 38. Signal Integrity Metrics (Fast 1100mv 0c Model)
 39. Signal Integrity Metrics (Fast 1100mv 85c Model)
 40. Setup Transfers
 41. Hold Transfers
 42. Report TCCS
 43. Report RSKM
 44. Unconstrained Paths Summary
 45. Clock Status Summary
 46. Unconstrained Input Ports
 47. Unconstrained Output Ports
 48. Unconstrained Input Ports
 49. Unconstrained Output Ports
 50. TimeQuest Timing Analyzer Messages



----------------
; Legal Notice ;
----------------
Copyright (C) 2016  Intel Corporation. All rights reserved.
Your use of Intel Corporation's design tools, logic functions 
and other software and tools, and its AMPP partner logic 
functions, and any output files from any of the foregoing 
(including device programming or simulation files), and any 
associated documentation or information are expressly subject 
to the terms and conditions of the Intel Program License 
Subscription Agreement, the Intel Quartus Prime License Agreement,
the Intel MegaCore Function License Agreement, or other 
applicable license agreement, including, without limitation, 
that your use is for the sole purpose of programming logic 
devices manufactured by Intel and sold by Intel or its 
authorized distributors.  Please refer to the applicable 
agreement for further details.



+-----------------------------------------------------------------------------+
; TimeQuest Timing Analyzer Summary                                           ;
+-----------------------+-----------------------------------------------------+
; Quartus Prime Version ; Version 16.1.0 Build 196 10/24/2016 SJ Lite Edition ;
; Timing Analyzer       ; TimeQuest                                           ;
; Revision Name         ; RippleCounter                                       ;
; Device Family         ; Cyclone V                                           ;
; Device Name           ; 5CEBA4F23C7                                         ;
; Timing Models         ; Final                                               ;
; Delay Model           ; Combined                                            ;
; Rise/Fall Delays      ; Enabled                                             ;
+-----------------------+-----------------------------------------------------+


+------------------------------------------+
; Parallel Compilation                     ;
+----------------------------+-------------+
; Processors                 ; Number      ;
+----------------------------+-------------+
; Number detected on machine ; 4           ;
; Maximum allowed            ; 2           ;
;                            ;             ;
; Average used               ; 1.02        ;
; Maximum used               ; 2           ;
;                            ;             ;
; Usage by Processor         ; % Time Used ;
;     Processor 1            ; 100.0%      ;
;     Processor 2            ;   1.9%      ;
+----------------------------+-------------+


+-------------------------------------------------------+
; SDC File List                                         ;
+-------------------+--------+--------------------------+
; SDC File Path     ; Status ; Read at                  ;
+-------------------+--------+--------------------------+
; RippleCounter.SDC ; OK     ; Fri Apr 26 10:48:25 2019 ;
+-------------------+--------+--------------------------+


+------------------------------------------------------------------------------------------------------------------------------------------------------------------------------------------------------------+
; Clocks                                                                                                                                                                                                     ;
+----------------------+------+--------+------------+-------+-------+------------+-----------+-------------+-------+--------+-----------+------------+----------+--------+--------+--------------------------+
; Clock Name           ; Type ; Period ; Frequency  ; Rise  ; Fall  ; Duty Cycle ; Divide by ; Multiply by ; Phase ; Offset ; Edge List ; Edge Shift ; Inverted ; Master ; Source ; Targets                  ;
+----------------------+------+--------+------------+-------+-------+------------+-----------+-------------+-------+--------+-----------+------------+----------+--------+--------+--------------------------+
; KEY[0]               ; Base ; 1.000  ; 1000.0 MHz ; 0.000 ; 0.500 ;            ;           ;             ;       ;        ;           ;            ;          ;        ;        ; { KEY[0] }               ;
; T_FlipFlop:comb_6|Q  ; Base ; 1.000  ; 1000.0 MHz ; 0.000 ; 0.500 ;            ;           ;             ;       ;        ;           ;            ;          ;        ;        ; { T_FlipFlop:comb_6|Q }  ;
; T_FlipFlop:comb_7|Q  ; Base ; 1.000  ; 1000.0 MHz ; 0.000 ; 0.500 ;            ;           ;             ;       ;        ;           ;            ;          ;        ;        ; { T_FlipFlop:comb_7|Q }  ;
; T_FlipFlop:comb_8|Q  ; Base ; 1.000  ; 1000.0 MHz ; 0.000 ; 0.500 ;            ;           ;             ;       ;        ;           ;            ;          ;        ;        ; { T_FlipFlop:comb_8|Q }  ;
; T_FlipFlop:comb_9|Q  ; Base ; 1.000  ; 1000.0 MHz ; 0.000 ; 0.500 ;            ;           ;             ;       ;        ;           ;            ;          ;        ;        ; { T_FlipFlop:comb_9|Q }  ;
; T_FlipFlop:comb_10|Q ; Base ; 1.000  ; 1000.0 MHz ; 0.000 ; 0.500 ;            ;           ;             ;       ;        ;           ;            ;          ;        ;        ; { T_FlipFlop:comb_10|Q } ;
; T_FlipFlop:comb_11|Q ; Base ; 1.000  ; 1000.0 MHz ; 0.000 ; 0.500 ;            ;           ;             ;       ;        ;           ;            ;          ;        ;        ; { T_FlipFlop:comb_11|Q } ;
; T_FlipFlop:comb_12|Q ; Base ; 1.000  ; 1000.0 MHz ; 0.000 ; 0.500 ;            ;           ;             ;       ;        ;           ;            ;          ;        ;        ; { T_FlipFlop:comb_12|Q } ;
; T_FlipFlop:comb_13|Q ; Base ; 1.000  ; 1000.0 MHz ; 0.000 ; 0.500 ;            ;           ;             ;       ;        ;           ;            ;          ;        ;        ; { T_FlipFlop:comb_13|Q } ;
+----------------------+------+--------+------------+-------+-------+------------+-----------+-------------+-------+--------+-----------+------------+----------+--------+--------+--------------------------+


+------------------------------------------------------------+
; Slow 1100mV 85C Model Fmax Summary                         ;
+------------+-----------------+----------------------+------+
; Fmax       ; Restricted Fmax ; Clock Name           ; Note ;
+------------+-----------------+----------------------+------+
; 630.52 MHz ; 630.52 MHz      ; T_FlipFlop:comb_13|Q ;      ;
+------------+-----------------+----------------------+------+
This panel reports FMAX for every clock in the design, regardless of the user-specified clock periods.  FMAX is only computed for paths where the source and destination registers or ports are driven by the same clock.  Paths of different clocks, including generated clocks, are ignored.  For paths between a clock and its inversion, FMAX is computed as if the rising and falling edges are scaled along with FMAX, such that the duty cycle (in terms of a percentage) is maintained. Altera recommends that you always use clock constraints and other slack reports for sign-off analysis.


----------------------------------
; Timing Closure Recommendations ;
----------------------------------
HTML report is unavailable in plain text report export.


+-----------------------------------------------+
; Slow 1100mV 85C Model Setup Summary           ;
+----------------------+--------+---------------+
; Clock                ; Slack  ; End Point TNS ;
+----------------------+--------+---------------+
; KEY[0]               ; -3.699 ; -3.699        ;
; T_FlipFlop:comb_7|Q  ; -1.793 ; -1.793        ;
; T_FlipFlop:comb_6|Q  ; -1.683 ; -1.683        ;
; T_FlipFlop:comb_11|Q ; -1.632 ; -1.632        ;
; T_FlipFlop:comb_8|Q  ; -1.624 ; -1.624        ;
; T_FlipFlop:comb_10|Q ; -1.620 ; -1.620        ;
; T_FlipFlop:comb_12|Q ; -1.466 ; -1.466        ;
; T_FlipFlop:comb_9|Q  ; -1.436 ; -1.436        ;
; T_FlipFlop:comb_13|Q ; -0.586 ; -0.586        ;
+----------------------+--------+---------------+


+----------------------------------------------+
; Slow 1100mV 85C Model Hold Summary           ;
+----------------------+-------+---------------+
; Clock                ; Slack ; End Point TNS ;
+----------------------+-------+---------------+
; T_FlipFlop:comb_13|Q ; 0.344 ; 0.000         ;
; T_FlipFlop:comb_9|Q  ; 0.415 ; 0.000         ;
; T_FlipFlop:comb_12|Q ; 0.485 ; 0.000         ;
; T_FlipFlop:comb_11|Q ; 0.531 ; 0.000         ;
; T_FlipFlop:comb_7|Q  ; 0.547 ; 0.000         ;
; T_FlipFlop:comb_8|Q  ; 0.603 ; 0.000         ;
; T_FlipFlop:comb_10|Q ; 0.630 ; 0.000         ;
; T_FlipFlop:comb_6|Q  ; 0.655 ; 0.000         ;
; KEY[0]               ; 1.273 ; 0.000         ;
+----------------------+-------+---------------+


------------------------------------------
; Slow 1100mV 85C Model Recovery Summary ;
------------------------------------------
No paths to report.


-----------------------------------------
; Slow 1100mV 85C Model Removal Summary ;
-----------------------------------------
No paths to report.


+---------------------------------------------------+
; Slow 1100mV 85C Model Minimum Pulse Width Summary ;
+----------------------+--------+-------------------+
; Clock                ; Slack  ; End Point TNS     ;
+----------------------+--------+-------------------+
; KEY[0]               ; -0.704 ; -1.242            ;
; T_FlipFlop:comb_7|Q  ; -0.538 ; -0.800            ;
; T_FlipFlop:comb_11|Q ; -0.538 ; -0.790            ;
; T_FlipFlop:comb_13|Q ; -0.538 ; -0.789            ;
; T_FlipFlop:comb_6|Q  ; -0.538 ; -0.769            ;
; T_FlipFlop:comb_9|Q  ; -0.538 ; -0.769            ;
; T_FlipFlop:comb_10|Q ; -0.538 ; -0.768            ;
; T_FlipFlop:comb_12|Q ; -0.538 ; -0.768            ;
; T_FlipFlop:comb_8|Q  ; -0.538 ; -0.768            ;
+----------------------+--------+-------------------+


-----------------------------------------------
; Slow 1100mV 85C Model Metastability Summary ;
-----------------------------------------------
No synchronizer chains to report.


+------------------------------------------------------------+
; Slow 1100mV 0C Model Fmax Summary                          ;
+------------+-----------------+----------------------+------+
; Fmax       ; Restricted Fmax ; Clock Name           ; Note ;
+------------+-----------------+----------------------+------+
; 646.41 MHz ; 646.41 MHz      ; T_FlipFlop:comb_13|Q ;      ;
+------------+-----------------+----------------------+------+
This panel reports FMAX for every clock in the design, regardless of the user-specified clock periods.  FMAX is only computed for paths where the source and destination registers or ports are driven by the same clock.  Paths of different clocks, including generated clocks, are ignored.  For paths between a clock and its inversion, FMAX is computed as if the rising and falling edges are scaled along with FMAX, such that the duty cycle (in terms of a percentage) is maintained. Altera recommends that you always use clock constraints and other slack reports for sign-off analysis.


+-----------------------------------------------+
; Slow 1100mV 0C Model Setup Summary            ;
+----------------------+--------+---------------+
; Clock                ; Slack  ; End Point TNS ;
+----------------------+--------+---------------+
; KEY[0]               ; -3.365 ; -3.365        ;
; T_FlipFlop:comb_6|Q  ; -1.833 ; -1.833        ;
; T_FlipFlop:comb_7|Q  ; -1.758 ; -1.758        ;
; T_FlipFlop:comb_8|Q  ; -1.753 ; -1.753        ;
; T_FlipFlop:comb_10|Q ; -1.752 ; -1.752        ;
; T_FlipFlop:comb_11|Q ; -1.707 ; -1.707        ;
; T_FlipFlop:comb_12|Q ; -1.615 ; -1.615        ;
; T_FlipFlop:comb_9|Q  ; -1.475 ; -1.475        ;
; T_FlipFlop:comb_13|Q ; -0.547 ; -0.547        ;
+----------------------+--------+---------------+


+----------------------------------------------+
; Slow 1100mV 0C Model Hold Summary            ;
+----------------------+-------+---------------+
; Clock                ; Slack ; End Point TNS ;
+----------------------+-------+---------------+
; T_FlipFlop:comb_13|Q ; 0.323 ; 0.000         ;
; T_FlipFlop:comb_9|Q  ; 0.470 ; 0.000         ;
; T_FlipFlop:comb_7|Q  ; 0.529 ; 0.000         ;
; T_FlipFlop:comb_12|Q ; 0.601 ; 0.000         ;
; T_FlipFlop:comb_11|Q ; 0.614 ; 0.000         ;
; T_FlipFlop:comb_8|Q  ; 0.713 ; 0.000         ;
; T_FlipFlop:comb_10|Q ; 0.753 ; 0.000         ;
; T_FlipFlop:comb_6|Q  ; 0.785 ; 0.000         ;
; KEY[0]               ; 1.052 ; 0.000         ;
+----------------------+-------+---------------+


-----------------------------------------
; Slow 1100mV 0C Model Recovery Summary ;
-----------------------------------------
No paths to report.


----------------------------------------
; Slow 1100mV 0C Model Removal Summary ;
----------------------------------------
No paths to report.


+--------------------------------------------------+
; Slow 1100mV 0C Model Minimum Pulse Width Summary ;
+----------------------+--------+------------------+
; Clock                ; Slack  ; End Point TNS    ;
+----------------------+--------+------------------+
; KEY[0]               ; -0.718 ; -1.282           ;
; T_FlipFlop:comb_7|Q  ; -0.538 ; -0.795           ;
; T_FlipFlop:comb_13|Q ; -0.538 ; -0.782           ;
; T_FlipFlop:comb_11|Q ; -0.538 ; -0.781           ;
; T_FlipFlop:comb_12|Q ; -0.538 ; -0.772           ;
; T_FlipFlop:comb_9|Q  ; -0.538 ; -0.771           ;
; T_FlipFlop:comb_10|Q ; -0.538 ; -0.770           ;
; T_FlipFlop:comb_6|Q  ; -0.538 ; -0.770           ;
; T_FlipFlop:comb_8|Q  ; -0.538 ; -0.770           ;
+----------------------+--------+------------------+


----------------------------------------------
; Slow 1100mV 0C Model Metastability Summary ;
----------------------------------------------
No synchronizer chains to report.


+-----------------------------------------------+
; Fast 1100mV 85C Model Setup Summary           ;
+----------------------+--------+---------------+
; Clock                ; Slack  ; End Point TNS ;
+----------------------+--------+---------------+
; KEY[0]               ; -2.050 ; -2.050        ;
; T_FlipFlop:comb_7|Q  ; -1.170 ; -1.170        ;
; T_FlipFlop:comb_11|Q ; -0.852 ; -0.852        ;
; T_FlipFlop:comb_6|Q  ; -0.727 ; -0.727        ;
; T_FlipFlop:comb_9|Q  ; -0.726 ; -0.726        ;
; T_FlipFlop:comb_10|Q ; -0.713 ; -0.713        ;
; T_FlipFlop:comb_8|Q  ; -0.704 ; -0.704        ;
; T_FlipFlop:comb_12|Q ; -0.632 ; -0.632        ;
; T_FlipFlop:comb_13|Q ; -0.020 ; -0.020        ;
+----------------------+--------+---------------+


+----------------------------------------------+
; Fast 1100mV 85C Model Hold Summary           ;
+----------------------+-------+---------------+
; Clock                ; Slack ; End Point TNS ;
+----------------------+-------+---------------+
; T_FlipFlop:comb_12|Q ; 0.009 ; 0.000         ;
; T_FlipFlop:comb_8|Q  ; 0.073 ; 0.000         ;
; T_FlipFlop:comb_10|Q ; 0.090 ; 0.000         ;
; T_FlipFlop:comb_6|Q  ; 0.091 ; 0.000         ;
; T_FlipFlop:comb_9|Q  ; 0.097 ; 0.000         ;
; T_FlipFlop:comb_13|Q ; 0.116 ; 0.000         ;
; T_FlipFlop:comb_11|Q ; 0.171 ; 0.000         ;
; T_FlipFlop:comb_7|Q  ; 0.328 ; 0.000         ;
; KEY[0]               ; 0.683 ; 0.000         ;
+----------------------+-------+---------------+


------------------------------------------
; Fast 1100mV 85C Model Recovery Summary ;
------------------------------------------
No paths to report.


-----------------------------------------
; Fast 1100mV 85C Model Removal Summary ;
-----------------------------------------
No paths to report.


+---------------------------------------------------+
; Fast 1100mV 85C Model Minimum Pulse Width Summary ;
+----------------------+--------+-------------------+
; Clock                ; Slack  ; End Point TNS     ;
+----------------------+--------+-------------------+
; KEY[0]               ; -0.719 ; -1.282            ;
; T_FlipFlop:comb_7|Q  ; 0.086  ; 0.000             ;
; T_FlipFlop:comb_11|Q ; 0.129  ; 0.000             ;
; T_FlipFlop:comb_12|Q ; 0.129  ; 0.000             ;
; T_FlipFlop:comb_13|Q ; 0.134  ; 0.000             ;
; T_FlipFlop:comb_10|Q ; 0.144  ; 0.000             ;
; T_FlipFlop:comb_6|Q  ; 0.144  ; 0.000             ;
; T_FlipFlop:comb_9|Q  ; 0.145  ; 0.000             ;
; T_FlipFlop:comb_8|Q  ; 0.147  ; 0.000             ;
+----------------------+--------+-------------------+


-----------------------------------------------
; Fast 1100mV 85C Model Metastability Summary ;
-----------------------------------------------
No synchronizer chains to report.


+-----------------------------------------------+
; Fast 1100mV 0C Model Setup Summary            ;
+----------------------+--------+---------------+
; Clock                ; Slack  ; End Point TNS ;
+----------------------+--------+---------------+
; KEY[0]               ; -1.543 ; -1.543        ;
; T_FlipFlop:comb_7|Q  ; -1.036 ; -1.036        ;
; T_FlipFlop:comb_11|Q ; -0.781 ; -0.781        ;
; T_FlipFlop:comb_6|Q  ; -0.696 ; -0.696        ;
; T_FlipFlop:comb_10|Q ; -0.681 ; -0.681        ;
; T_FlipFlop:comb_8|Q  ; -0.674 ; -0.674        ;
; T_FlipFlop:comb_9|Q  ; -0.666 ; -0.666        ;
; T_FlipFlop:comb_12|Q ; -0.615 ; -0.615        ;
; T_FlipFlop:comb_13|Q ; 0.022  ; 0.000         ;
+----------------------+--------+---------------+


+----------------------------------------------+
; Fast 1100mV 0C Model Hold Summary            ;
+----------------------+-------+---------------+
; Clock                ; Slack ; End Point TNS ;
+----------------------+-------+---------------+
; T_FlipFlop:comb_12|Q ; 0.003 ; 0.000         ;
; T_FlipFlop:comb_8|Q  ; 0.056 ; 0.000         ;
; T_FlipFlop:comb_9|Q  ; 0.063 ; 0.000         ;
; T_FlipFlop:comb_10|Q ; 0.071 ; 0.000         ;
; T_FlipFlop:comb_6|Q  ; 0.075 ; 0.000         ;
; T_FlipFlop:comb_13|Q ; 0.096 ; 0.000         ;
; T_FlipFlop:comb_11|Q ; 0.132 ; 0.000         ;
; T_FlipFlop:comb_7|Q  ; 0.238 ; 0.000         ;
; KEY[0]               ; 0.317 ; 0.000         ;
+----------------------+-------+---------------+


-----------------------------------------
; Fast 1100mV 0C Model Recovery Summary ;
-----------------------------------------
No paths to report.


----------------------------------------
; Fast 1100mV 0C Model Removal Summary ;
----------------------------------------
No paths to report.


+--------------------------------------------------+
; Fast 1100mV 0C Model Minimum Pulse Width Summary ;
+----------------------+--------+------------------+
; Clock                ; Slack  ; End Point TNS    ;
+----------------------+--------+------------------+
; KEY[0]               ; -0.744 ; -1.375           ;
; T_FlipFlop:comb_7|Q  ; 0.101  ; 0.000            ;
; T_FlipFlop:comb_12|Q ; 0.129  ; 0.000            ;
; T_FlipFlop:comb_11|Q ; 0.134  ; 0.000            ;
; T_FlipFlop:comb_13|Q ; 0.142  ; 0.000            ;
; T_FlipFlop:comb_10|Q ; 0.143  ; 0.000            ;
; T_FlipFlop:comb_6|Q  ; 0.143  ; 0.000            ;
; T_FlipFlop:comb_8|Q  ; 0.146  ; 0.000            ;
; T_FlipFlop:comb_9|Q  ; 0.147  ; 0.000            ;
+----------------------+--------+------------------+


----------------------------------------------
; Fast 1100mV 0C Model Metastability Summary ;
----------------------------------------------
No synchronizer chains to report.


+------------------------------------------------------------------------------------+
; Multicorner Timing Analysis Summary                                                ;
+-----------------------+---------+-------+----------+---------+---------------------+
; Clock                 ; Setup   ; Hold  ; Recovery ; Removal ; Minimum Pulse Width ;
+-----------------------+---------+-------+----------+---------+---------------------+
; Worst-case Slack      ; -3.699  ; 0.003 ; N/A      ; N/A     ; -0.744              ;
;  KEY[0]               ; -3.699  ; 0.317 ; N/A      ; N/A     ; -0.744              ;
;  T_FlipFlop:comb_10|Q ; -1.752  ; 0.071 ; N/A      ; N/A     ; -0.538              ;
;  T_FlipFlop:comb_11|Q ; -1.707  ; 0.132 ; N/A      ; N/A     ; -0.538              ;
;  T_FlipFlop:comb_12|Q ; -1.615  ; 0.003 ; N/A      ; N/A     ; -0.538              ;
;  T_FlipFlop:comb_13|Q ; -0.586  ; 0.096 ; N/A      ; N/A     ; -0.538              ;
;  T_FlipFlop:comb_6|Q  ; -1.833  ; 0.075 ; N/A      ; N/A     ; -0.538              ;
;  T_FlipFlop:comb_7|Q  ; -1.793  ; 0.238 ; N/A      ; N/A     ; -0.538              ;
;  T_FlipFlop:comb_8|Q  ; -1.753  ; 0.056 ; N/A      ; N/A     ; -0.538              ;
;  T_FlipFlop:comb_9|Q  ; -1.475  ; 0.063 ; N/A      ; N/A     ; -0.538              ;
; Design-wide TNS       ; -15.805 ; 0.0   ; 0.0      ; 0.0     ; -7.493              ;
;  KEY[0]               ; -3.699  ; 0.000 ; N/A      ; N/A     ; -1.375              ;
;  T_FlipFlop:comb_10|Q ; -1.752  ; 0.000 ; N/A      ; N/A     ; -0.770              ;
;  T_FlipFlop:comb_11|Q ; -1.707  ; 0.000 ; N/A      ; N/A     ; -0.790              ;
;  T_FlipFlop:comb_12|Q ; -1.615  ; 0.000 ; N/A      ; N/A     ; -0.772              ;
;  T_FlipFlop:comb_13|Q ; -0.586  ; 0.000 ; N/A      ; N/A     ; -0.789              ;
;  T_FlipFlop:comb_6|Q  ; -1.833  ; 0.000 ; N/A      ; N/A     ; -0.770              ;
;  T_FlipFlop:comb_7|Q  ; -1.793  ; 0.000 ; N/A      ; N/A     ; -0.800              ;
;  T_FlipFlop:comb_8|Q  ; -1.753  ; 0.000 ; N/A      ; N/A     ; -0.770              ;
;  T_FlipFlop:comb_9|Q  ; -1.475  ; 0.000 ; N/A      ; N/A     ; -0.771              ;
+-----------------------+---------+-------+----------+---------+---------------------+


+------------------------------------------------------------------------------------------------------------------------------------------------------------------------------------------------------------------------------------------------------------------------------------------------------------------------------------------------------------------------------------------------------------+
; Board Trace Model Assignments                                                                                                                                                                                                                                                                                                                                                                              ;
+---------+--------------+-------------------+-------------------------+-------------------------+---------------+---------------------+----------------+------------------+--------+------------------+------------------------+------------------------+--------------+---------------+-----------------+-------+---------------------+--------------------+---------------+-----------------+-------------+
; Pin     ; I/O Standard ; Near Tline Length ; Near Tline L per Length ; Near Tline C per Length ; Near Series R ; Near Differential R ; Near Pull-up R ; Near Pull-down R ; Near C ; Far Tline Length ; Far Tline L per Length ; Far Tline C per Length ; Far Series R ; Far Pull-up R ; Far Pull-down R ; Far C ; Termination Voltage ; Far Differential R ; EBD File Name ; EBD Signal Name ; EBD Far-end ;
+---------+--------------+-------------------+-------------------------+-------------------------+---------------+---------------------+----------------+------------------+--------+------------------+------------------------+------------------------+--------------+---------------+-----------------+-------+---------------------+--------------------+---------------+-----------------+-------------+
; LEDR[0] ; 3.3-V LVTTL  ; 0 in              ; 0 H/in                  ; 0 F/in                  ; short         ; -                   ; open           ; open             ; open   ; 0 in             ; 0 H/in                 ; 0 F/in                 ; short        ; open          ; open            ; open  ; 0 V                 ; -                  ; n/a           ; n/a             ; n/a         ;
; LEDR[1] ; 3.3-V LVTTL  ; 0 in              ; 0 H/in                  ; 0 F/in                  ; short         ; -                   ; open           ; open             ; open   ; 0 in             ; 0 H/in                 ; 0 F/in                 ; short        ; open          ; open            ; open  ; 0 V                 ; -                  ; n/a           ; n/a             ; n/a         ;
; LEDR[2] ; 3.3-V LVTTL  ; 0 in              ; 0 H/in                  ; 0 F/in                  ; short         ; -                   ; open           ; open             ; open   ; 0 in             ; 0 H/in                 ; 0 F/in                 ; short        ; open          ; open            ; open  ; 0 V                 ; -                  ; n/a           ; n/a             ; n/a         ;
; LEDR[3] ; 3.3-V LVTTL  ; 0 in              ; 0 H/in                  ; 0 F/in                  ; short         ; -                   ; open           ; open             ; open   ; 0 in             ; 0 H/in                 ; 0 F/in                 ; short        ; open          ; open            ; open  ; 0 V                 ; -                  ; n/a           ; n/a             ; n/a         ;
; LEDR[4] ; 3.3-V LVTTL  ; 0 in              ; 0 H/in                  ; 0 F/in                  ; short         ; -                   ; open           ; open             ; open   ; 0 in             ; 0 H/in                 ; 0 F/in                 ; short        ; open          ; open            ; open  ; 0 V                 ; -                  ; n/a           ; n/a             ; n/a         ;
; LEDR[5] ; 3.3-V LVTTL  ; 0 in              ; 0 H/in                  ; 0 F/in                  ; short         ; -                   ; open           ; open             ; open   ; 0 in             ; 0 H/in                 ; 0 F/in                 ; short        ; open          ; open            ; open  ; 0 V                 ; -                  ; n/a           ; n/a             ; n/a         ;
; LEDR[6] ; 3.3-V LVTTL  ; 0 in              ; 0 H/in                  ; 0 F/in                  ; short         ; -                   ; open           ; open             ; open   ; 0 in             ; 0 H/in                 ; 0 F/in                 ; short        ; open          ; open            ; open  ; 0 V                 ; -                  ; n/a           ; n/a             ; n/a         ;
; LEDR[7] ; 3.3-V LVTTL  ; 0 in              ; 0 H/in                  ; 0 F/in                  ; short         ; -                   ; open           ; open             ; open   ; 0 in             ; 0 H/in                 ; 0 F/in                 ; short        ; open          ; open            ; open  ; 0 V                 ; -                  ; n/a           ; n/a             ; n/a         ;
; LEDR[8] ; 3.3-V LVTTL  ; 0 in              ; 0 H/in                  ; 0 F/in                  ; short         ; -                   ; open           ; open             ; open   ; 0 in             ; 0 H/in                 ; 0 F/in                 ; short        ; open          ; open            ; open  ; 0 V                 ; -                  ; n/a           ; n/a             ; n/a         ;
; LEDR[9] ; 3.3-V LVTTL  ; 0 in              ; 0 H/in                  ; 0 F/in                  ; short         ; -                   ; open           ; open             ; open   ; 0 in             ; 0 H/in                 ; 0 F/in                 ; short        ; open          ; open            ; open  ; 0 V                 ; -                  ; n/a           ; n/a             ; n/a         ;
+---------+--------------+-------------------+-------------------------+-------------------------+---------------+---------------------+----------------+------------------+--------+------------------+------------------------+------------------------+--------------+---------------+-----------------+-------+---------------------+--------------------+---------------+-----------------+-------------+


+-----------------------------------------------------------+
; Input Transition Times                                    ;
+--------+--------------+-----------------+-----------------+
; Pin    ; I/O Standard ; 10-90 Rise Time ; 90-10 Fall Time ;
+--------+--------------+-----------------+-----------------+
; KEY[1] ; 3.3-V LVTTL  ; 2640 ps         ; 2640 ps         ;
; KEY[2] ; 3.3-V LVTTL  ; 2640 ps         ; 2640 ps         ;
; KEY[3] ; 3.3-V LVTTL  ; 2640 ps         ; 2640 ps         ;
; KEY[0] ; 3.3-V LVTTL  ; 2640 ps         ; 2640 ps         ;
+--------+--------------+-----------------+-----------------+


+--------------------------------------------------------------------------------------------------------------------------------------------------------------------------------------------------------------------------------------------------------------------------------------------------------------------------------------------------------------------------------------------------------------------------------------------------------------------------------------------------------------------------------------------------------------------------------------------------------------------------------------------------------------------------------------+
; Signal Integrity Metrics (Slow 1100mv 0c Model)                                                                                                                                                                                                                                                                                                                                                                                                                                                                                                                                                                                                                                      ;
+---------+--------------+---------------------+---------------------+------------------------------+------------------------------+---------------------+---------------------+--------------------------------------+--------------------------------------+-----------------------------+-----------------------------+----------------------------+----------------------------+-----------------------------+-----------------------------+--------------------+--------------------+-------------------------------------+-------------------------------------+----------------------------+----------------------------+---------------------------+---------------------------+
; Pin     ; I/O Standard ; Board Delay on Rise ; Board Delay on Fall ; Steady State Voh at FPGA Pin ; Steady State Vol at FPGA Pin ; Voh Max at FPGA Pin ; Vol Min at FPGA Pin ; Ringback Voltage on Rise at FPGA Pin ; Ringback Voltage on Fall at FPGA Pin ; 10-90 Rise Time at FPGA Pin ; 90-10 Fall Time at FPGA Pin ; Monotonic Rise at FPGA Pin ; Monotonic Fall at FPGA Pin ; Steady State Voh at Far-end ; Steady State Vol at Far-end ; Voh Max at Far-end ; Vol Min at Far-end ; Ringback Voltage on Rise at Far-end ; Ringback Voltage on Fall at Far-end ; 10-90 Rise Time at Far-end ; 90-10 Fall Time at Far-end ; Monotonic Rise at Far-end ; Monotonic Fall at Far-end ;
+---------+--------------+---------------------+---------------------+------------------------------+------------------------------+---------------------+---------------------+--------------------------------------+--------------------------------------+-----------------------------+-----------------------------+----------------------------+----------------------------+-----------------------------+-----------------------------+--------------------+--------------------+-------------------------------------+-------------------------------------+----------------------------+----------------------------+---------------------------+---------------------------+
; LEDR[0] ; 3.3-V LVTTL  ; 0 s                 ; 0 s                 ; 3.08 V                       ; 2.01e-07 V                   ; 3.13 V              ; -0.229 V            ; 0.131 V                              ; 0.38 V                               ; 4.37e-10 s                  ; 1.58e-10 s                  ; Yes                        ; No                         ; 3.08 V                      ; 2.01e-07 V                  ; 3.13 V             ; -0.229 V           ; 0.131 V                             ; 0.38 V                              ; 4.37e-10 s                 ; 1.58e-10 s                 ; Yes                       ; No                        ;
; LEDR[1] ; 3.3-V LVTTL  ; 0 s                 ; 0 s                 ; 3.08 V                       ; 2.01e-07 V                   ; 3.13 V              ; -0.229 V            ; 0.132 V                              ; 0.377 V                              ; 4.37e-10 s                  ; 1.58e-10 s                  ; Yes                        ; No                         ; 3.08 V                      ; 2.01e-07 V                  ; 3.13 V             ; -0.229 V           ; 0.132 V                             ; 0.377 V                             ; 4.37e-10 s                 ; 1.58e-10 s                 ; Yes                       ; No                        ;
; LEDR[2] ; 3.3-V LVTTL  ; 0 s                 ; 0 s                 ; 3.08 V                       ; 1.58e-07 V                   ; 3.09 V              ; -0.13 V             ; 0.032 V                              ; 0.298 V                              ; 4.39e-10 s                  ; 1.69e-10 s                  ; Yes                        ; Yes                        ; 3.08 V                      ; 1.58e-07 V                  ; 3.09 V             ; -0.13 V            ; 0.032 V                             ; 0.298 V                             ; 4.39e-10 s                 ; 1.69e-10 s                 ; Yes                       ; Yes                       ;
; LEDR[3] ; 3.3-V LVTTL  ; 0 s                 ; 0 s                 ; 3.08 V                       ; 2.1e-07 V                    ; 3.12 V              ; -0.169 V            ; 0.165 V                              ; 0.384 V                              ; 4.57e-10 s                  ; 1.75e-10 s                  ; Yes                        ; No                         ; 3.08 V                      ; 2.1e-07 V                   ; 3.12 V             ; -0.169 V           ; 0.165 V                             ; 0.384 V                             ; 4.57e-10 s                 ; 1.75e-10 s                 ; Yes                       ; No                        ;
; LEDR[4] ; 3.3-V LVTTL  ; 0 s                 ; 0 s                 ; 3.08 V                       ; 2.01e-07 V                   ; 3.13 V              ; -0.229 V            ; 0.131 V                              ; 0.38 V                               ; 4.37e-10 s                  ; 1.58e-10 s                  ; Yes                        ; No                         ; 3.08 V                      ; 2.01e-07 V                  ; 3.13 V             ; -0.229 V           ; 0.131 V                             ; 0.38 V                              ; 4.37e-10 s                 ; 1.58e-10 s                 ; Yes                       ; No                        ;
; LEDR[5] ; 3.3-V LVTTL  ; 0 s                 ; 0 s                 ; 3.08 V                       ; 2.01e-07 V                   ; 3.13 V              ; -0.229 V            ; 0.132 V                              ; 0.377 V                              ; 4.37e-10 s                  ; 1.58e-10 s                  ; Yes                        ; No                         ; 3.08 V                      ; 2.01e-07 V                  ; 3.13 V             ; -0.229 V           ; 0.132 V                             ; 0.377 V                             ; 4.37e-10 s                 ; 1.58e-10 s                 ; Yes                       ; No                        ;
; LEDR[6] ; 3.3-V LVTTL  ; 0 s                 ; 0 s                 ; 3.08 V                       ; 2.1e-07 V                    ; 3.12 V              ; -0.169 V            ; 0.165 V                              ; 0.384 V                              ; 4.57e-10 s                  ; 1.75e-10 s                  ; Yes                        ; No                         ; 3.08 V                      ; 2.1e-07 V                   ; 3.12 V             ; -0.169 V           ; 0.165 V                             ; 0.384 V                             ; 4.57e-10 s                 ; 1.75e-10 s                 ; Yes                       ; No                        ;
; LEDR[7] ; 3.3-V LVTTL  ; 0 s                 ; 0 s                 ; 3.08 V                       ; 1.58e-07 V                   ; 3.09 V              ; -0.13 V             ; 0.032 V                              ; 0.298 V                              ; 4.39e-10 s                  ; 1.69e-10 s                  ; Yes                        ; Yes                        ; 3.08 V                      ; 1.58e-07 V                  ; 3.09 V             ; -0.13 V            ; 0.032 V                             ; 0.298 V                             ; 4.39e-10 s                 ; 1.69e-10 s                 ; Yes                       ; Yes                       ;
; LEDR[8] ; 3.3-V LVTTL  ; 0 s                 ; 0 s                 ; 3.08 V                       ; 2.01e-07 V                   ; 3.13 V              ; -0.229 V            ; 0.131 V                              ; 0.38 V                               ; 4.37e-10 s                  ; 1.58e-10 s                  ; Yes                        ; No                         ; 3.08 V                      ; 2.01e-07 V                  ; 3.13 V             ; -0.229 V           ; 0.131 V                             ; 0.38 V                              ; 4.37e-10 s                 ; 1.58e-10 s                 ; Yes                       ; No                        ;
; LEDR[9] ; 3.3-V LVTTL  ; 0 s                 ; 0 s                 ; 3.08 V                       ; 2.01e-07 V                   ; 3.13 V              ; -0.229 V            ; 0.132 V                              ; 0.377 V                              ; 4.37e-10 s                  ; 1.58e-10 s                  ; Yes                        ; No                         ; 3.08 V                      ; 2.01e-07 V                  ; 3.13 V             ; -0.229 V           ; 0.132 V                             ; 0.377 V                             ; 4.37e-10 s                 ; 1.58e-10 s                 ; Yes                       ; No                        ;
+---------+--------------+---------------------+---------------------+------------------------------+------------------------------+---------------------+---------------------+--------------------------------------+--------------------------------------+-----------------------------+-----------------------------+----------------------------+----------------------------+-----------------------------+-----------------------------+--------------------+--------------------+-------------------------------------+-------------------------------------+----------------------------+----------------------------+---------------------------+---------------------------+


+--------------------------------------------------------------------------------------------------------------------------------------------------------------------------------------------------------------------------------------------------------------------------------------------------------------------------------------------------------------------------------------------------------------------------------------------------------------------------------------------------------------------------------------------------------------------------------------------------------------------------------------------------------------------------------------+
; Signal Integrity Metrics (Slow 1100mv 85c Model)                                                                                                                                                                                                                                                                                                                                                                                                                                                                                                                                                                                                                                     ;
+---------+--------------+---------------------+---------------------+------------------------------+------------------------------+---------------------+---------------------+--------------------------------------+--------------------------------------+-----------------------------+-----------------------------+----------------------------+----------------------------+-----------------------------+-----------------------------+--------------------+--------------------+-------------------------------------+-------------------------------------+----------------------------+----------------------------+---------------------------+---------------------------+
; Pin     ; I/O Standard ; Board Delay on Rise ; Board Delay on Fall ; Steady State Voh at FPGA Pin ; Steady State Vol at FPGA Pin ; Voh Max at FPGA Pin ; Vol Min at FPGA Pin ; Ringback Voltage on Rise at FPGA Pin ; Ringback Voltage on Fall at FPGA Pin ; 10-90 Rise Time at FPGA Pin ; 90-10 Fall Time at FPGA Pin ; Monotonic Rise at FPGA Pin ; Monotonic Fall at FPGA Pin ; Steady State Voh at Far-end ; Steady State Vol at Far-end ; Voh Max at Far-end ; Vol Min at Far-end ; Ringback Voltage on Rise at Far-end ; Ringback Voltage on Fall at Far-end ; 10-90 Rise Time at Far-end ; 90-10 Fall Time at Far-end ; Monotonic Rise at Far-end ; Monotonic Fall at Far-end ;
+---------+--------------+---------------------+---------------------+------------------------------+------------------------------+---------------------+---------------------+--------------------------------------+--------------------------------------+-----------------------------+-----------------------------+----------------------------+----------------------------+-----------------------------+-----------------------------+--------------------+--------------------+-------------------------------------+-------------------------------------+----------------------------+----------------------------+---------------------------+---------------------------+
; LEDR[0] ; 3.3-V LVTTL  ; 0 s                 ; 0 s                 ; 3.08 V                       ; 2.02e-05 V                   ; 3.11 V              ; -0.117 V            ; 0.087 V                              ; 0.147 V                              ; 5.3e-10 s                   ; 3.14e-10 s                  ; Yes                        ; No                         ; 3.08 V                      ; 2.02e-05 V                  ; 3.11 V             ; -0.117 V           ; 0.087 V                             ; 0.147 V                             ; 5.3e-10 s                  ; 3.14e-10 s                 ; Yes                       ; No                        ;
; LEDR[1] ; 3.3-V LVTTL  ; 0 s                 ; 0 s                 ; 3.08 V                       ; 2.02e-05 V                   ; 3.11 V              ; -0.117 V            ; 0.087 V                              ; 0.148 V                              ; 5.31e-10 s                  ; 3.14e-10 s                  ; Yes                        ; No                         ; 3.08 V                      ; 2.02e-05 V                  ; 3.11 V             ; -0.117 V           ; 0.087 V                             ; 0.148 V                             ; 5.31e-10 s                 ; 3.14e-10 s                 ; Yes                       ; No                        ;
; LEDR[2] ; 3.3-V LVTTL  ; 0 s                 ; 0 s                 ; 3.08 V                       ; 1.66e-05 V                   ; 3.09 V              ; -0.0542 V           ; 0.04 V                               ; 0.089 V                              ; 5.35e-10 s                  ; 3.01e-10 s                  ; Yes                        ; Yes                        ; 3.08 V                      ; 1.66e-05 V                  ; 3.09 V             ; -0.0542 V          ; 0.04 V                              ; 0.089 V                             ; 5.35e-10 s                 ; 3.01e-10 s                 ; Yes                       ; Yes                       ;
; LEDR[3] ; 3.3-V LVTTL  ; 0 s                 ; 0 s                 ; 3.08 V                       ; 2.1e-05 V                    ; 3.11 V              ; -0.0931 V           ; 0.115 V                              ; 0.142 V                              ; 5.74e-10 s                  ; 3.17e-10 s                  ; Yes                        ; Yes                        ; 3.08 V                      ; 2.1e-05 V                   ; 3.11 V             ; -0.0931 V          ; 0.115 V                             ; 0.142 V                             ; 5.74e-10 s                 ; 3.17e-10 s                 ; Yes                       ; Yes                       ;
; LEDR[4] ; 3.3-V LVTTL  ; 0 s                 ; 0 s                 ; 3.08 V                       ; 2.02e-05 V                   ; 3.11 V              ; -0.117 V            ; 0.087 V                              ; 0.147 V                              ; 5.3e-10 s                   ; 3.14e-10 s                  ; Yes                        ; No                         ; 3.08 V                      ; 2.02e-05 V                  ; 3.11 V             ; -0.117 V           ; 0.087 V                             ; 0.147 V                             ; 5.3e-10 s                  ; 3.14e-10 s                 ; Yes                       ; No                        ;
; LEDR[5] ; 3.3-V LVTTL  ; 0 s                 ; 0 s                 ; 3.08 V                       ; 2.02e-05 V                   ; 3.11 V              ; -0.117 V            ; 0.087 V                              ; 0.148 V                              ; 5.31e-10 s                  ; 3.14e-10 s                  ; Yes                        ; No                         ; 3.08 V                      ; 2.02e-05 V                  ; 3.11 V             ; -0.117 V           ; 0.087 V                             ; 0.148 V                             ; 5.31e-10 s                 ; 3.14e-10 s                 ; Yes                       ; No                        ;
; LEDR[6] ; 3.3-V LVTTL  ; 0 s                 ; 0 s                 ; 3.08 V                       ; 2.1e-05 V                    ; 3.11 V              ; -0.0931 V           ; 0.115 V                              ; 0.142 V                              ; 5.74e-10 s                  ; 3.17e-10 s                  ; Yes                        ; Yes                        ; 3.08 V                      ; 2.1e-05 V                   ; 3.11 V             ; -0.0931 V          ; 0.115 V                             ; 0.142 V                             ; 5.74e-10 s                 ; 3.17e-10 s                 ; Yes                       ; Yes                       ;
; LEDR[7] ; 3.3-V LVTTL  ; 0 s                 ; 0 s                 ; 3.08 V                       ; 1.66e-05 V                   ; 3.09 V              ; -0.0542 V           ; 0.04 V                               ; 0.089 V                              ; 5.35e-10 s                  ; 3.01e-10 s                  ; Yes                        ; Yes                        ; 3.08 V                      ; 1.66e-05 V                  ; 3.09 V             ; -0.0542 V          ; 0.04 V                              ; 0.089 V                             ; 5.35e-10 s                 ; 3.01e-10 s                 ; Yes                       ; Yes                       ;
; LEDR[8] ; 3.3-V LVTTL  ; 0 s                 ; 0 s                 ; 3.08 V                       ; 2.02e-05 V                   ; 3.11 V              ; -0.117 V            ; 0.087 V                              ; 0.147 V                              ; 5.3e-10 s                   ; 3.14e-10 s                  ; Yes                        ; No                         ; 3.08 V                      ; 2.02e-05 V                  ; 3.11 V             ; -0.117 V           ; 0.087 V                             ; 0.147 V                             ; 5.3e-10 s                  ; 3.14e-10 s                 ; Yes                       ; No                        ;
; LEDR[9] ; 3.3-V LVTTL  ; 0 s                 ; 0 s                 ; 3.08 V                       ; 2.02e-05 V                   ; 3.11 V              ; -0.117 V            ; 0.087 V                              ; 0.148 V                              ; 5.31e-10 s                  ; 3.14e-10 s                  ; Yes                        ; No                         ; 3.08 V                      ; 2.02e-05 V                  ; 3.11 V             ; -0.117 V           ; 0.087 V                             ; 0.148 V                             ; 5.31e-10 s                 ; 3.14e-10 s                 ; Yes                       ; No                        ;
+---------+--------------+---------------------+---------------------+------------------------------+------------------------------+---------------------+---------------------+--------------------------------------+--------------------------------------+-----------------------------+-----------------------------+----------------------------+----------------------------+-----------------------------+-----------------------------+--------------------+--------------------+-------------------------------------+-------------------------------------+----------------------------+----------------------------+---------------------------+---------------------------+


+--------------------------------------------------------------------------------------------------------------------------------------------------------------------------------------------------------------------------------------------------------------------------------------------------------------------------------------------------------------------------------------------------------------------------------------------------------------------------------------------------------------------------------------------------------------------------------------------------------------------------------------------------------------------------------------+
; Signal Integrity Metrics (Fast 1100mv 0c Model)                                                                                                                                                                                                                                                                                                                                                                                                                                                                                                                                                                                                                                      ;
+---------+--------------+---------------------+---------------------+------------------------------+------------------------------+---------------------+---------------------+--------------------------------------+--------------------------------------+-----------------------------+-----------------------------+----------------------------+----------------------------+-----------------------------+-----------------------------+--------------------+--------------------+-------------------------------------+-------------------------------------+----------------------------+----------------------------+---------------------------+---------------------------+
; Pin     ; I/O Standard ; Board Delay on Rise ; Board Delay on Fall ; Steady State Voh at FPGA Pin ; Steady State Vol at FPGA Pin ; Voh Max at FPGA Pin ; Vol Min at FPGA Pin ; Ringback Voltage on Rise at FPGA Pin ; Ringback Voltage on Fall at FPGA Pin ; 10-90 Rise Time at FPGA Pin ; 90-10 Fall Time at FPGA Pin ; Monotonic Rise at FPGA Pin ; Monotonic Fall at FPGA Pin ; Steady State Voh at Far-end ; Steady State Vol at Far-end ; Voh Max at Far-end ; Vol Min at Far-end ; Ringback Voltage on Rise at Far-end ; Ringback Voltage on Fall at Far-end ; 10-90 Rise Time at Far-end ; 90-10 Fall Time at Far-end ; Monotonic Rise at Far-end ; Monotonic Fall at Far-end ;
+---------+--------------+---------------------+---------------------+------------------------------+------------------------------+---------------------+---------------------+--------------------------------------+--------------------------------------+-----------------------------+-----------------------------+----------------------------+----------------------------+-----------------------------+-----------------------------+--------------------+--------------------+-------------------------------------+-------------------------------------+----------------------------+----------------------------+---------------------------+---------------------------+
; LEDR[0] ; 3.3-V LVTTL  ; 0 s                 ; 0 s                 ; 3.63 V                       ; 4.72e-06 V                   ; 3.7 V               ; -0.49 V             ; 0.117 V                              ; 0.622 V                              ; 3.84e-10 s                  ; 1.48e-10 s                  ; Yes                        ; No                         ; 3.63 V                      ; 4.72e-06 V                  ; 3.7 V              ; -0.49 V            ; 0.117 V                             ; 0.622 V                             ; 3.84e-10 s                 ; 1.48e-10 s                 ; Yes                       ; No                        ;
; LEDR[1] ; 3.3-V LVTTL  ; 0 s                 ; 0 s                 ; 3.63 V                       ; 4.72e-06 V                   ; 3.7 V               ; -0.49 V             ; 0.117 V                              ; 0.621 V                              ; 3.84e-10 s                  ; 1.48e-10 s                  ; Yes                        ; No                         ; 3.63 V                      ; 4.72e-06 V                  ; 3.7 V              ; -0.49 V            ; 0.117 V                             ; 0.621 V                             ; 3.84e-10 s                 ; 1.48e-10 s                 ; Yes                       ; No                        ;
; LEDR[2] ; 3.3-V LVTTL  ; 0 s                 ; 0 s                 ; 3.63 V                       ; 3.63e-06 V                   ; 3.64 V              ; -0.326 V            ; 0.091 V                              ; 0.479 V                              ; 3.83e-10 s                  ; 1.5e-10 s                   ; Yes                        ; No                         ; 3.63 V                      ; 3.63e-06 V                  ; 3.64 V             ; -0.326 V           ; 0.091 V                             ; 0.479 V                             ; 3.83e-10 s                 ; 1.5e-10 s                  ; Yes                       ; No                        ;
; LEDR[3] ; 3.3-V LVTTL  ; 0 s                 ; 0 s                 ; 3.63 V                       ; 4.94e-06 V                   ; 3.69 V              ; -0.414 V            ; 0.134 V                              ; 0.585 V                              ; 4.19e-10 s                  ; 1.53e-10 s                  ; Yes                        ; No                         ; 3.63 V                      ; 4.94e-06 V                  ; 3.69 V             ; -0.414 V           ; 0.134 V                             ; 0.585 V                             ; 4.19e-10 s                 ; 1.53e-10 s                 ; Yes                       ; No                        ;
; LEDR[4] ; 3.3-V LVTTL  ; 0 s                 ; 0 s                 ; 3.63 V                       ; 4.72e-06 V                   ; 3.7 V               ; -0.49 V             ; 0.117 V                              ; 0.622 V                              ; 3.84e-10 s                  ; 1.48e-10 s                  ; Yes                        ; No                         ; 3.63 V                      ; 4.72e-06 V                  ; 3.7 V              ; -0.49 V            ; 0.117 V                             ; 0.622 V                             ; 3.84e-10 s                 ; 1.48e-10 s                 ; Yes                       ; No                        ;
; LEDR[5] ; 3.3-V LVTTL  ; 0 s                 ; 0 s                 ; 3.63 V                       ; 4.72e-06 V                   ; 3.7 V               ; -0.49 V             ; 0.117 V                              ; 0.621 V                              ; 3.84e-10 s                  ; 1.48e-10 s                  ; Yes                        ; No                         ; 3.63 V                      ; 4.72e-06 V                  ; 3.7 V              ; -0.49 V            ; 0.117 V                             ; 0.621 V                             ; 3.84e-10 s                 ; 1.48e-10 s                 ; Yes                       ; No                        ;
; LEDR[6] ; 3.3-V LVTTL  ; 0 s                 ; 0 s                 ; 3.63 V                       ; 4.94e-06 V                   ; 3.69 V              ; -0.414 V            ; 0.134 V                              ; 0.585 V                              ; 4.19e-10 s                  ; 1.53e-10 s                  ; Yes                        ; No                         ; 3.63 V                      ; 4.94e-06 V                  ; 3.69 V             ; -0.414 V           ; 0.134 V                             ; 0.585 V                             ; 4.19e-10 s                 ; 1.53e-10 s                 ; Yes                       ; No                        ;
; LEDR[7] ; 3.3-V LVTTL  ; 0 s                 ; 0 s                 ; 3.63 V                       ; 3.63e-06 V                   ; 3.64 V              ; -0.326 V            ; 0.091 V                              ; 0.479 V                              ; 3.83e-10 s                  ; 1.5e-10 s                   ; Yes                        ; No                         ; 3.63 V                      ; 3.63e-06 V                  ; 3.64 V             ; -0.326 V           ; 0.091 V                             ; 0.479 V                             ; 3.83e-10 s                 ; 1.5e-10 s                  ; Yes                       ; No                        ;
; LEDR[8] ; 3.3-V LVTTL  ; 0 s                 ; 0 s                 ; 3.63 V                       ; 4.72e-06 V                   ; 3.7 V               ; -0.49 V             ; 0.117 V                              ; 0.622 V                              ; 3.84e-10 s                  ; 1.48e-10 s                  ; Yes                        ; No                         ; 3.63 V                      ; 4.72e-06 V                  ; 3.7 V              ; -0.49 V            ; 0.117 V                             ; 0.622 V                             ; 3.84e-10 s                 ; 1.48e-10 s                 ; Yes                       ; No                        ;
; LEDR[9] ; 3.3-V LVTTL  ; 0 s                 ; 0 s                 ; 3.63 V                       ; 4.72e-06 V                   ; 3.7 V               ; -0.49 V             ; 0.117 V                              ; 0.621 V                              ; 3.84e-10 s                  ; 1.48e-10 s                  ; Yes                        ; No                         ; 3.63 V                      ; 4.72e-06 V                  ; 3.7 V              ; -0.49 V            ; 0.117 V                             ; 0.621 V                             ; 3.84e-10 s                 ; 1.48e-10 s                 ; Yes                       ; No                        ;
+---------+--------------+---------------------+---------------------+------------------------------+------------------------------+---------------------+---------------------+--------------------------------------+--------------------------------------+-----------------------------+-----------------------------+----------------------------+----------------------------+-----------------------------+-----------------------------+--------------------+--------------------+-------------------------------------+-------------------------------------+----------------------------+----------------------------+---------------------------+---------------------------+


+--------------------------------------------------------------------------------------------------------------------------------------------------------------------------------------------------------------------------------------------------------------------------------------------------------------------------------------------------------------------------------------------------------------------------------------------------------------------------------------------------------------------------------------------------------------------------------------------------------------------------------------------------------------------------------------+
; Signal Integrity Metrics (Fast 1100mv 85c Model)                                                                                                                                                                                                                                                                                                                                                                                                                                                                                                                                                                                                                                     ;
+---------+--------------+---------------------+---------------------+------------------------------+------------------------------+---------------------+---------------------+--------------------------------------+--------------------------------------+-----------------------------+-----------------------------+----------------------------+----------------------------+-----------------------------+-----------------------------+--------------------+--------------------+-------------------------------------+-------------------------------------+----------------------------+----------------------------+---------------------------+---------------------------+
; Pin     ; I/O Standard ; Board Delay on Rise ; Board Delay on Fall ; Steady State Voh at FPGA Pin ; Steady State Vol at FPGA Pin ; Voh Max at FPGA Pin ; Vol Min at FPGA Pin ; Ringback Voltage on Rise at FPGA Pin ; Ringback Voltage on Fall at FPGA Pin ; 10-90 Rise Time at FPGA Pin ; 90-10 Fall Time at FPGA Pin ; Monotonic Rise at FPGA Pin ; Monotonic Fall at FPGA Pin ; Steady State Voh at Far-end ; Steady State Vol at Far-end ; Voh Max at Far-end ; Vol Min at Far-end ; Ringback Voltage on Rise at Far-end ; Ringback Voltage on Fall at Far-end ; 10-90 Rise Time at Far-end ; 90-10 Fall Time at Far-end ; Monotonic Rise at Far-end ; Monotonic Fall at Far-end ;
+---------+--------------+---------------------+---------------------+------------------------------+------------------------------+---------------------+---------------------+--------------------------------------+--------------------------------------+-----------------------------+-----------------------------+----------------------------+----------------------------+-----------------------------+-----------------------------+--------------------+--------------------+-------------------------------------+-------------------------------------+----------------------------+----------------------------+---------------------------+---------------------------+
; LEDR[0] ; 3.3-V LVTTL  ; 0 s                 ; 0 s                 ; 3.63 V                       ; 0.000229 V                   ; 3.65 V              ; -0.316 V            ; 0.041 V                              ; 0.53 V                               ; 4.29e-10 s                  ; 1.87e-10 s                  ; Yes                        ; No                         ; 3.63 V                      ; 0.000229 V                  ; 3.65 V             ; -0.316 V           ; 0.041 V                             ; 0.53 V                              ; 4.29e-10 s                 ; 1.87e-10 s                 ; Yes                       ; No                        ;
; LEDR[1] ; 3.3-V LVTTL  ; 0 s                 ; 0 s                 ; 3.63 V                       ; 0.000229 V                   ; 3.65 V              ; -0.319 V            ; 0.041 V                              ; 0.528 V                              ; 4.29e-10 s                  ; 1.87e-10 s                  ; Yes                        ; No                         ; 3.63 V                      ; 0.000229 V                  ; 3.65 V             ; -0.319 V           ; 0.041 V                             ; 0.528 V                             ; 4.29e-10 s                 ; 1.87e-10 s                 ; Yes                       ; No                        ;
; LEDR[2] ; 3.3-V LVTTL  ; 0 s                 ; 0 s                 ; 3.63 V                       ; 0.000184 V                   ; 3.64 V              ; -0.19 V             ; 0.019 V                              ; 0.425 V                              ; 4.44e-10 s                  ; 1.91e-10 s                  ; Yes                        ; No                         ; 3.63 V                      ; 0.000184 V                  ; 3.64 V             ; -0.19 V            ; 0.019 V                             ; 0.425 V                             ; 4.44e-10 s                 ; 1.91e-10 s                 ; Yes                       ; No                        ;
; LEDR[3] ; 3.3-V LVTTL  ; 0 s                 ; 0 s                 ; 3.63 V                       ; 0.000238 V                   ; 3.64 V              ; -0.254 V            ; 0.052 V                              ; 0.543 V                              ; 4.59e-10 s                  ; 1.96e-10 s                  ; Yes                        ; No                         ; 3.63 V                      ; 0.000238 V                  ; 3.64 V             ; -0.254 V           ; 0.052 V                             ; 0.543 V                             ; 4.59e-10 s                 ; 1.96e-10 s                 ; Yes                       ; No                        ;
; LEDR[4] ; 3.3-V LVTTL  ; 0 s                 ; 0 s                 ; 3.63 V                       ; 0.000229 V                   ; 3.65 V              ; -0.316 V            ; 0.041 V                              ; 0.53 V                               ; 4.29e-10 s                  ; 1.87e-10 s                  ; Yes                        ; No                         ; 3.63 V                      ; 0.000229 V                  ; 3.65 V             ; -0.316 V           ; 0.041 V                             ; 0.53 V                              ; 4.29e-10 s                 ; 1.87e-10 s                 ; Yes                       ; No                        ;
; LEDR[5] ; 3.3-V LVTTL  ; 0 s                 ; 0 s                 ; 3.63 V                       ; 0.000229 V                   ; 3.65 V              ; -0.319 V            ; 0.041 V                              ; 0.528 V                              ; 4.29e-10 s                  ; 1.87e-10 s                  ; Yes                        ; No                         ; 3.63 V                      ; 0.000229 V                  ; 3.65 V             ; -0.319 V           ; 0.041 V                             ; 0.528 V                             ; 4.29e-10 s                 ; 1.87e-10 s                 ; Yes                       ; No                        ;
; LEDR[6] ; 3.3-V LVTTL  ; 0 s                 ; 0 s                 ; 3.63 V                       ; 0.000238 V                   ; 3.64 V              ; -0.254 V            ; 0.052 V                              ; 0.543 V                              ; 4.59e-10 s                  ; 1.96e-10 s                  ; Yes                        ; No                         ; 3.63 V                      ; 0.000238 V                  ; 3.64 V             ; -0.254 V           ; 0.052 V                             ; 0.543 V                             ; 4.59e-10 s                 ; 1.96e-10 s                 ; Yes                       ; No                        ;
; LEDR[7] ; 3.3-V LVTTL  ; 0 s                 ; 0 s                 ; 3.63 V                       ; 0.000184 V                   ; 3.64 V              ; -0.19 V             ; 0.019 V                              ; 0.425 V                              ; 4.44e-10 s                  ; 1.91e-10 s                  ; Yes                        ; No                         ; 3.63 V                      ; 0.000184 V                  ; 3.64 V             ; -0.19 V            ; 0.019 V                             ; 0.425 V                             ; 4.44e-10 s                 ; 1.91e-10 s                 ; Yes                       ; No                        ;
; LEDR[8] ; 3.3-V LVTTL  ; 0 s                 ; 0 s                 ; 3.63 V                       ; 0.000229 V                   ; 3.65 V              ; -0.316 V            ; 0.041 V                              ; 0.53 V                               ; 4.29e-10 s                  ; 1.87e-10 s                  ; Yes                        ; No                         ; 3.63 V                      ; 0.000229 V                  ; 3.65 V             ; -0.316 V           ; 0.041 V                             ; 0.53 V                              ; 4.29e-10 s                 ; 1.87e-10 s                 ; Yes                       ; No                        ;
; LEDR[9] ; 3.3-V LVTTL  ; 0 s                 ; 0 s                 ; 3.63 V                       ; 0.000229 V                   ; 3.65 V              ; -0.319 V            ; 0.041 V                              ; 0.528 V                              ; 4.29e-10 s                  ; 1.87e-10 s                  ; Yes                        ; No                         ; 3.63 V                      ; 0.000229 V                  ; 3.65 V             ; -0.319 V           ; 0.041 V                             ; 0.528 V                             ; 4.29e-10 s                 ; 1.87e-10 s                 ; Yes                       ; No                        ;
+---------+--------------+---------------------+---------------------+------------------------------+------------------------------+---------------------+---------------------+--------------------------------------+--------------------------------------+-----------------------------+-----------------------------+----------------------------+----------------------------+-----------------------------+-----------------------------+--------------------+--------------------+-------------------------------------+-------------------------------------+----------------------------+----------------------------+---------------------------+---------------------------+


+-----------------------------------------------------------------------------------------+
; Setup Transfers                                                                         ;
+----------------------+----------------------+----------+----------+----------+----------+
; From Clock           ; To Clock             ; RR Paths ; FR Paths ; RF Paths ; FF Paths ;
+----------------------+----------------------+----------+----------+----------+----------+
; T_FlipFlop:comb_6|Q  ; KEY[0]               ; 0        ; 0        ; 1        ; 1        ;
; T_FlipFlop:comb_7|Q  ; T_FlipFlop:comb_6|Q  ; 1        ; 1        ; 0        ; 0        ;
; T_FlipFlop:comb_8|Q  ; T_FlipFlop:comb_7|Q  ; 1        ; 1        ; 0        ; 0        ;
; T_FlipFlop:comb_9|Q  ; T_FlipFlop:comb_8|Q  ; 1        ; 1        ; 0        ; 0        ;
; T_FlipFlop:comb_10|Q ; T_FlipFlop:comb_9|Q  ; 1        ; 1        ; 0        ; 0        ;
; T_FlipFlop:comb_11|Q ; T_FlipFlop:comb_10|Q ; 1        ; 1        ; 0        ; 0        ;
; T_FlipFlop:comb_12|Q ; T_FlipFlop:comb_11|Q ; 1        ; 1        ; 0        ; 0        ;
; T_FlipFlop:comb_13|Q ; T_FlipFlop:comb_12|Q ; 1        ; 1        ; 0        ; 0        ;
; T_FlipFlop:comb_13|Q ; T_FlipFlop:comb_13|Q ; 1        ; 0        ; 0        ; 0        ;
+----------------------+----------------------+----------+----------+----------+----------+
Entries labeled "false path" only account for clock-to-clock false paths and not path-based false paths. As a result, actual path counts may be lower than reported.


+-----------------------------------------------------------------------------------------+
; Hold Transfers                                                                          ;
+----------------------+----------------------+----------+----------+----------+----------+
; From Clock           ; To Clock             ; RR Paths ; FR Paths ; RF Paths ; FF Paths ;
+----------------------+----------------------+----------+----------+----------+----------+
; T_FlipFlop:comb_6|Q  ; KEY[0]               ; 0        ; 0        ; 1        ; 1        ;
; T_FlipFlop:comb_7|Q  ; T_FlipFlop:comb_6|Q  ; 1        ; 1        ; 0        ; 0        ;
; T_FlipFlop:comb_8|Q  ; T_FlipFlop:comb_7|Q  ; 1        ; 1        ; 0        ; 0        ;
; T_FlipFlop:comb_9|Q  ; T_FlipFlop:comb_8|Q  ; 1        ; 1        ; 0        ; 0        ;
; T_FlipFlop:comb_10|Q ; T_FlipFlop:comb_9|Q  ; 1        ; 1        ; 0        ; 0        ;
; T_FlipFlop:comb_11|Q ; T_FlipFlop:comb_10|Q ; 1        ; 1        ; 0        ; 0        ;
; T_FlipFlop:comb_12|Q ; T_FlipFlop:comb_11|Q ; 1        ; 1        ; 0        ; 0        ;
; T_FlipFlop:comb_13|Q ; T_FlipFlop:comb_12|Q ; 1        ; 1        ; 0        ; 0        ;
; T_FlipFlop:comb_13|Q ; T_FlipFlop:comb_13|Q ; 1        ; 0        ; 0        ; 0        ;
+----------------------+----------------------+----------+----------+----------+----------+
Entries labeled "false path" only account for clock-to-clock false paths and not path-based false paths. As a result, actual path counts may be lower than reported.


---------------
; Report TCCS ;
---------------
No dedicated SERDES Transmitter circuitry present in device or used in design


---------------
; Report RSKM ;
---------------
No non-DPA dedicated SERDES Receiver circuitry present in device or used in design


+------------------------------------------------+
; Unconstrained Paths Summary                    ;
+---------------------------------+-------+------+
; Property                        ; Setup ; Hold ;
+---------------------------------+-------+------+
; Illegal Clocks                  ; 0     ; 0    ;
; Unconstrained Clocks            ; 0     ; 0    ;
; Unconstrained Input Ports       ; 1     ; 1    ;
; Unconstrained Input Port Paths  ; 9     ; 9    ;
; Unconstrained Output Ports      ; 9     ; 9    ;
; Unconstrained Output Port Paths ; 9     ; 9    ;
+---------------------------------+-------+------+


+------------------------------------------------------------------+
; Clock Status Summary                                             ;
+----------------------+----------------------+------+-------------+
; Target               ; Clock                ; Type ; Status      ;
+----------------------+----------------------+------+-------------+
; KEY[0]               ; KEY[0]               ; Base ; Constrained ;
; T_FlipFlop:comb_6|Q  ; T_FlipFlop:comb_6|Q  ; Base ; Constrained ;
; T_FlipFlop:comb_7|Q  ; T_FlipFlop:comb_7|Q  ; Base ; Constrained ;
; T_FlipFlop:comb_8|Q  ; T_FlipFlop:comb_8|Q  ; Base ; Constrained ;
; T_FlipFlop:comb_9|Q  ; T_FlipFlop:comb_9|Q  ; Base ; Constrained ;
; T_FlipFlop:comb_10|Q ; T_FlipFlop:comb_10|Q ; Base ; Constrained ;
; T_FlipFlop:comb_11|Q ; T_FlipFlop:comb_11|Q ; Base ; Constrained ;
; T_FlipFlop:comb_12|Q ; T_FlipFlop:comb_12|Q ; Base ; Constrained ;
; T_FlipFlop:comb_13|Q ; T_FlipFlop:comb_13|Q ; Base ; Constrained ;
+----------------------+----------------------+------+-------------+


+---------------------------------------------------------------------------------------------------+
; Unconstrained Input Ports                                                                         ;
+------------+--------------------------------------------------------------------------------------+
; Input Port ; Comment                                                                              ;
+------------+--------------------------------------------------------------------------------------+
; KEY[3]     ; No input delay, min/max delays, false-path exceptions, or max skew assignments found ;
+------------+--------------------------------------------------------------------------------------+


+-----------------------------------------------------------------------------------------------------+
; Unconstrained Output Ports                                                                          ;
+-------------+---------------------------------------------------------------------------------------+
; Output Port ; Comment                                                                               ;
+-------------+---------------------------------------------------------------------------------------+
; LEDR[0]     ; No output delay, min/max delays, false-path exceptions, or max skew assignments found ;
; LEDR[1]     ; No output delay, min/max delays, false-path exceptions, or max skew assignments found ;
; LEDR[2]     ; No output delay, min/max delays, false-path exceptions, or max skew assignments found ;
; LEDR[3]     ; No output delay, min/max delays, false-path exceptions, or max skew assignments found ;
; LEDR[4]     ; No output delay, min/max delays, false-path exceptions, or max skew assignments found ;
; LEDR[5]     ; No output delay, min/max delays, false-path exceptions, or max skew assignments found ;
; LEDR[6]     ; No output delay, min/max delays, false-path exceptions, or max skew assignments found ;
; LEDR[7]     ; No output delay, min/max delays, false-path exceptions, or max skew assignments found ;
; LEDR[8]     ; No output delay, min/max delays, false-path exceptions, or max skew assignments found ;
+-------------+---------------------------------------------------------------------------------------+


+---------------------------------------------------------------------------------------------------+
; Unconstrained Input Ports                                                                         ;
+------------+--------------------------------------------------------------------------------------+
; Input Port ; Comment                                                                              ;
+------------+--------------------------------------------------------------------------------------+
; KEY[3]     ; No input delay, min/max delays, false-path exceptions, or max skew assignments found ;
+------------+--------------------------------------------------------------------------------------+


+-----------------------------------------------------------------------------------------------------+
; Unconstrained Output Ports                                                                          ;
+-------------+---------------------------------------------------------------------------------------+
; Output Port ; Comment                                                                               ;
+-------------+---------------------------------------------------------------------------------------+
; LEDR[0]     ; No output delay, min/max delays, false-path exceptions, or max skew assignments found ;
; LEDR[1]     ; No output delay, min/max delays, false-path exceptions, or max skew assignments found ;
; LEDR[2]     ; No output delay, min/max delays, false-path exceptions, or max skew assignments found ;
; LEDR[3]     ; No output delay, min/max delays, false-path exceptions, or max skew assignments found ;
; LEDR[4]     ; No output delay, min/max delays, false-path exceptions, or max skew assignments found ;
; LEDR[5]     ; No output delay, min/max delays, false-path exceptions, or max skew assignments found ;
; LEDR[6]     ; No output delay, min/max delays, false-path exceptions, or max skew assignments found ;
; LEDR[7]     ; No output delay, min/max delays, false-path exceptions, or max skew assignments found ;
; LEDR[8]     ; No output delay, min/max delays, false-path exceptions, or max skew assignments found ;
+-------------+---------------------------------------------------------------------------------------+


+------------------------------------+
; TimeQuest Timing Analyzer Messages ;
+------------------------------------+
Info: *******************************************************************
Info: Running Quartus Prime TimeQuest Timing Analyzer
    Info: Version 16.1.0 Build 196 10/24/2016 SJ Lite Edition
    Info: Processing started: Fri Apr 26 10:48:23 2019
Info: Command: quartus_sta RippleCounter -c RippleCounter
Info: qsta_default_script.tcl version: #1
Warning (18236): Number of processors has not been specified which may cause overloading on shared machines.  Set the global assignment NUM_PARALLEL_PROCESSORS in your QSF to an appropriate value for best performance.
Info (20030): Parallel compilation is enabled and will use 2 of the 2 processors detected
Info (21076): High junction temperature operating condition is not set. Assuming a default value of '85'.
Info (21076): Low junction temperature operating condition is not set. Assuming a default value of '0'.
Info (332104): Reading SDC File: 'RippleCounter.SDC'
Info (332151): Clock uncertainty is not calculated until you update the timing netlist.
Info (332142): No user constrained base clocks found in the design. Calling "derive_clocks -period 1.0"
Info (332105): Deriving Clocks
    Info (332105): create_clock -period 1.000 -name KEY[0] KEY[0]
    Info (332105): create_clock -period 1.000 -name T_FlipFlop:comb_6|Q T_FlipFlop:comb_6|Q
    Info (332105): create_clock -period 1.000 -name T_FlipFlop:comb_7|Q T_FlipFlop:comb_7|Q
    Info (332105): create_clock -period 1.000 -name T_FlipFlop:comb_8|Q T_FlipFlop:comb_8|Q
    Info (332105): create_clock -period 1.000 -name T_FlipFlop:comb_9|Q T_FlipFlop:comb_9|Q
    Info (332105): create_clock -period 1.000 -name T_FlipFlop:comb_10|Q T_FlipFlop:comb_10|Q
    Info (332105): create_clock -period 1.000 -name T_FlipFlop:comb_11|Q T_FlipFlop:comb_11|Q
    Info (332105): create_clock -period 1.000 -name T_FlipFlop:comb_12|Q T_FlipFlop:comb_12|Q
    Info (332105): create_clock -period 1.000 -name T_FlipFlop:comb_13|Q T_FlipFlop:comb_13|Q
Info (332123): Deriving Clock Uncertainty. Please refer to report_sdc in TimeQuest to see clock uncertainties.
Info: Found TIMEQUEST_REPORT_SCRIPT_INCLUDE_DEFAULT_ANALYSIS = ON
Info: Analyzing Slow 1100mV 85C Model
Critical Warning (332148): Timing requirements not met
    Info (11105): For recommendations on closing timing, run Report Timing Closure Recommendations in the TimeQuest Timing Analyzer.
Info (332146): Worst-case setup slack is -3.699
    Info (332119):     Slack       End Point TNS Clock 
    Info (332119): ========= =================== =====================
    Info (332119):    -3.699              -3.699 KEY[0] 
    Info (332119):    -1.793              -1.793 T_FlipFlop:comb_7|Q 
    Info (332119):    -1.683              -1.683 T_FlipFlop:comb_6|Q 
    Info (332119):    -1.632              -1.632 T_FlipFlop:comb_11|Q 
    Info (332119):    -1.624              -1.624 T_FlipFlop:comb_8|Q 
    Info (332119):    -1.620              -1.620 T_FlipFlop:comb_10|Q 
    Info (332119):    -1.466              -1.466 T_FlipFlop:comb_12|Q 
    Info (332119):    -1.436              -1.436 T_FlipFlop:comb_9|Q 
    Info (332119):    -0.586              -0.586 T_FlipFlop:comb_13|Q 
Info (332146): Worst-case hold slack is 0.344
    Info (332119):     Slack       End Point TNS Clock 
    Info (332119): ========= =================== =====================
    Info (332119):     0.344               0.000 T_FlipFlop:comb_13|Q 
    Info (332119):     0.415               0.000 T_FlipFlop:comb_9|Q 
    Info (332119):     0.485               0.000 T_FlipFlop:comb_12|Q 
    Info (332119):     0.531               0.000 T_FlipFlop:comb_11|Q 
    Info (332119):     0.547               0.000 T_FlipFlop:comb_7|Q 
    Info (332119):     0.603               0.000 T_FlipFlop:comb_8|Q 
    Info (332119):     0.630               0.000 T_FlipFlop:comb_10|Q 
    Info (332119):     0.655               0.000 T_FlipFlop:comb_6|Q 
    Info (332119):     1.273               0.000 KEY[0] 
Info (332140): No Recovery paths to report
Info (332140): No Removal paths to report
Info (332146): Worst-case minimum pulse width slack is -0.704
    Info (332119):     Slack       End Point TNS Clock 
    Info (332119): ========= =================== =====================
    Info (332119):    -0.704              -1.242 KEY[0] 
    Info (332119):    -0.538              -0.800 T_FlipFlop:comb_7|Q 
    Info (332119):    -0.538              -0.790 T_FlipFlop:comb_11|Q 
    Info (332119):    -0.538              -0.789 T_FlipFlop:comb_13|Q 
    Info (332119):    -0.538              -0.769 T_FlipFlop:comb_6|Q 
    Info (332119):    -0.538              -0.769 T_FlipFlop:comb_9|Q 
    Info (332119):    -0.538              -0.768 T_FlipFlop:comb_10|Q 
    Info (332119):    -0.538              -0.768 T_FlipFlop:comb_12|Q 
    Info (332119):    -0.538              -0.768 T_FlipFlop:comb_8|Q 
Info: Analyzing Slow 1100mV 0C Model
Info (334003): Started post-fitting delay annotation
Info (334004): Delay annotation completed successfully
Info (332123): Deriving Clock Uncertainty. Please refer to report_sdc in TimeQuest to see clock uncertainties.
Critical Warning (332148): Timing requirements not met
    Info (11105): For recommendations on closing timing, run Report Timing Closure Recommendations in the TimeQuest Timing Analyzer.
Info (332146): Worst-case setup slack is -3.365
    Info (332119):     Slack       End Point TNS Clock 
    Info (332119): ========= =================== =====================
    Info (332119):    -3.365              -3.365 KEY[0] 
    Info (332119):    -1.833              -1.833 T_FlipFlop:comb_6|Q 
    Info (332119):    -1.758              -1.758 T_FlipFlop:comb_7|Q 
    Info (332119):    -1.753              -1.753 T_FlipFlop:comb_8|Q 
    Info (332119):    -1.752              -1.752 T_FlipFlop:comb_10|Q 
    Info (332119):    -1.707              -1.707 T_FlipFlop:comb_11|Q 
    Info (332119):    -1.615              -1.615 T_FlipFlop:comb_12|Q 
    Info (332119):    -1.475              -1.475 T_FlipFlop:comb_9|Q 
    Info (332119):    -0.547              -0.547 T_FlipFlop:comb_13|Q 
Info (332146): Worst-case hold slack is 0.323
    Info (332119):     Slack       End Point TNS Clock 
    Info (332119): ========= =================== =====================
    Info (332119):     0.323               0.000 T_FlipFlop:comb_13|Q 
    Info (332119):     0.470               0.000 T_FlipFlop:comb_9|Q 
    Info (332119):     0.529               0.000 T_FlipFlop:comb_7|Q 
    Info (332119):     0.601               0.000 T_FlipFlop:comb_12|Q 
    Info (332119):     0.614               0.000 T_FlipFlop:comb_11|Q 
    Info (332119):     0.713               0.000 T_FlipFlop:comb_8|Q 
    Info (332119):     0.753               0.000 T_FlipFlop:comb_10|Q 
    Info (332119):     0.785               0.000 T_FlipFlop:comb_6|Q 
    Info (332119):     1.052               0.000 KEY[0] 
Info (332140): No Recovery paths to report
Info (332140): No Removal paths to report
Info (332146): Worst-case minimum pulse width slack is -0.718
    Info (332119):     Slack       End Point TNS Clock 
    Info (332119): ========= =================== =====================
    Info (332119):    -0.718              -1.282 KEY[0] 
    Info (332119):    -0.538              -0.795 T_FlipFlop:comb_7|Q 
    Info (332119):    -0.538              -0.782 T_FlipFlop:comb_13|Q 
    Info (332119):    -0.538              -0.781 T_FlipFlop:comb_11|Q 
    Info (332119):    -0.538              -0.772 T_FlipFlop:comb_12|Q 
    Info (332119):    -0.538              -0.771 T_FlipFlop:comb_9|Q 
    Info (332119):    -0.538              -0.770 T_FlipFlop:comb_10|Q 
    Info (332119):    -0.538              -0.770 T_FlipFlop:comb_6|Q 
    Info (332119):    -0.538              -0.770 T_FlipFlop:comb_8|Q 
Info: Analyzing Fast 1100mV 85C Model
Info (334003): Started post-fitting delay annotation
Info (334004): Delay annotation completed successfully
Info (332123): Deriving Clock Uncertainty. Please refer to report_sdc in TimeQuest to see clock uncertainties.
Critical Warning (332148): Timing requirements not met
    Info (11105): For recommendations on closing timing, run Report Timing Closure Recommendations in the TimeQuest Timing Analyzer.
Info (332146): Worst-case setup slack is -2.050
    Info (332119):     Slack       End Point TNS Clock 
    Info (332119): ========= =================== =====================
    Info (332119):    -2.050              -2.050 KEY[0] 
    Info (332119):    -1.170              -1.170 T_FlipFlop:comb_7|Q 
    Info (332119):    -0.852              -0.852 T_FlipFlop:comb_11|Q 
    Info (332119):    -0.727              -0.727 T_FlipFlop:comb_6|Q 
    Info (332119):    -0.726              -0.726 T_FlipFlop:comb_9|Q 
    Info (332119):    -0.713              -0.713 T_FlipFlop:comb_10|Q 
    Info (332119):    -0.704              -0.704 T_FlipFlop:comb_8|Q 
    Info (332119):    -0.632              -0.632 T_FlipFlop:comb_12|Q 
    Info (332119):    -0.020              -0.020 T_FlipFlop:comb_13|Q 
Info (332146): Worst-case hold slack is 0.009
    Info (332119):     Slack       End Point TNS Clock 
    Info (332119): ========= =================== =====================
    Info (332119):     0.009               0.000 T_FlipFlop:comb_12|Q 
    Info (332119):     0.073               0.000 T_FlipFlop:comb_8|Q 
    Info (332119):     0.090               0.000 T_FlipFlop:comb_10|Q 
    Info (332119):     0.091               0.000 T_FlipFlop:comb_6|Q 
    Info (332119):     0.097               0.000 T_FlipFlop:comb_9|Q 
    Info (332119):     0.116               0.000 T_FlipFlop:comb_13|Q 
    Info (332119):     0.171               0.000 T_FlipFlop:comb_11|Q 
    Info (332119):     0.328               0.000 T_FlipFlop:comb_7|Q 
    Info (332119):     0.683               0.000 KEY[0] 
Info (332140): No Recovery paths to report
Info (332140): No Removal paths to report
Info (332146): Worst-case minimum pulse width slack is -0.719
    Info (332119):     Slack       End Point TNS Clock 
    Info (332119): ========= =================== =====================
    Info (332119):    -0.719              -1.282 KEY[0] 
    Info (332119):     0.086               0.000 T_FlipFlop:comb_7|Q 
    Info (332119):     0.129               0.000 T_FlipFlop:comb_11|Q 
    Info (332119):     0.129               0.000 T_FlipFlop:comb_12|Q 
    Info (332119):     0.134               0.000 T_FlipFlop:comb_13|Q 
    Info (332119):     0.144               0.000 T_FlipFlop:comb_10|Q 
    Info (332119):     0.144               0.000 T_FlipFlop:comb_6|Q 
    Info (332119):     0.145               0.000 T_FlipFlop:comb_9|Q 
    Info (332119):     0.147               0.000 T_FlipFlop:comb_8|Q 
Info: Analyzing Fast 1100mV 0C Model
Info (332123): Deriving Clock Uncertainty. Please refer to report_sdc in TimeQuest to see clock uncertainties.
Critical Warning (332148): Timing requirements not met
    Info (11105): For recommendations on closing timing, run Report Timing Closure Recommendations in the TimeQuest Timing Analyzer.
Info (332146): Worst-case setup slack is -1.543
    Info (332119):     Slack       End Point TNS Clock 
    Info (332119): ========= =================== =====================
    Info (332119):    -1.543              -1.543 KEY[0] 
    Info (332119):    -1.036              -1.036 T_FlipFlop:comb_7|Q 
    Info (332119):    -0.781              -0.781 T_FlipFlop:comb_11|Q 
    Info (332119):    -0.696              -0.696 T_FlipFlop:comb_6|Q 
    Info (332119):    -0.681              -0.681 T_FlipFlop:comb_10|Q 
    Info (332119):    -0.674              -0.674 T_FlipFlop:comb_8|Q 
    Info (332119):    -0.666              -0.666 T_FlipFlop:comb_9|Q 
    Info (332119):    -0.615              -0.615 T_FlipFlop:comb_12|Q 
    Info (332119):     0.022               0.000 T_FlipFlop:comb_13|Q 
Info (332146): Worst-case hold slack is 0.003
    Info (332119):     Slack       End Point TNS Clock 
    Info (332119): ========= =================== =====================
    Info (332119):     0.003               0.000 T_FlipFlop:comb_12|Q 
    Info (332119):     0.056               0.000 T_FlipFlop:comb_8|Q 
    Info (332119):     0.063               0.000 T_FlipFlop:comb_9|Q 
    Info (332119):     0.071               0.000 T_FlipFlop:comb_10|Q 
    Info (332119):     0.075               0.000 T_FlipFlop:comb_6|Q 
    Info (332119):     0.096               0.000 T_FlipFlop:comb_13|Q 
    Info (332119):     0.132               0.000 T_FlipFlop:comb_11|Q 
    Info (332119):     0.238               0.000 T_FlipFlop:comb_7|Q 
    Info (332119):     0.317               0.000 KEY[0] 
Info (332140): No Recovery paths to report
Info (332140): No Removal paths to report
Info (332146): Worst-case minimum pulse width slack is -0.744
    Info (332119):     Slack       End Point TNS Clock 
    Info (332119): ========= =================== =====================
    Info (332119):    -0.744              -1.375 KEY[0] 
    Info (332119):     0.101               0.000 T_FlipFlop:comb_7|Q 
    Info (332119):     0.129               0.000 T_FlipFlop:comb_12|Q 
    Info (332119):     0.134               0.000 T_FlipFlop:comb_11|Q 
    Info (332119):     0.142               0.000 T_FlipFlop:comb_13|Q 
    Info (332119):     0.143               0.000 T_FlipFlop:comb_10|Q 
    Info (332119):     0.143               0.000 T_FlipFlop:comb_6|Q 
    Info (332119):     0.146               0.000 T_FlipFlop:comb_8|Q 
    Info (332119):     0.147               0.000 T_FlipFlop:comb_9|Q 
Info (332102): Design is not fully constrained for setup requirements
Info (332102): Design is not fully constrained for hold requirements
Info: Quartus Prime TimeQuest Timing Analyzer was successful. 0 errors, 5 warnings
    Info: Peak virtual memory: 910 megabytes
    Info: Processing ended: Fri Apr 26 10:48:29 2019
    Info: Elapsed time: 00:00:06
    Info: Total CPU time (on all processors): 00:00:05


