Flow report for D_FlipFlop
Thu Apr 25 09:41:51 2019
Quartus Prime Version 16.1.0 Build 196 10/24/2016 SJ Lite Edition


---------------------
; Table of Contents ;
---------------------
  1. Legal Notice
  2. Flow Summary
  3. Flow Settings
  4. Flow Non-Default Global Settings
  5. Flow Elapsed Time
  6. Flow OS Summary
  7. Flow Log
  8. Flow Messages
  9. Flow Suppressed Messages



----------------
; Legal Notice ;
----------------
Copyright (C) 2016  Intel Corporation. All rights reserved.
Your use of Intel Corporation's design tools, logic functions 
and other software and tools, and its AMPP partner logic 
functions, and any output files from any of the foregoing 
(including device programming or simulation files), and any 
associated documentation or information are expressly subject 
to the terms and conditions of the Intel Program License 
Subscription Agreement, the Intel Quartus Prime License Agreement,
the Intel MegaCore Function License Agreement, or other 
applicable license agreement, including, without limitation, 
that your use is for the sole purpose of programming logic 
devices manufactured by Intel and sold by Intel or its 
authorized distributors.  Please refer to the applicable 
agreement for further details.



+-------------------------------------------------------------------------------+
; Flow Summary                                                                  ;
+---------------------------------+---------------------------------------------+
; Flow Status                     ; Successful - Thu Apr 25 09:41:51 2019       ;
; Quartus Prime Version           ; 16.1.0 Build 196 10/24/2016 SJ Lite Edition ;
; Revision Name                   ; D_FlipFlop                                  ;
; Top-level Entity Name           ; D_FlipFlop                                  ;
; Family                          ; Cyclone V                                   ;
; Device                          ; 5CEBA4F23C7                                 ;
; Timing Models                   ; Final                                       ;
; Logic utilization (in ALMs)     ; 1 / 18,480 ( < 1 % )                        ;
; Total registers                 ; 2                                           ;
; Total pins                      ; 26 / 224 ( 12 % )                           ;
; Total virtual pins              ; 0                                           ;
; Total block memory bits         ; 0 / 3,153,920 ( 0 % )                       ;
; Total DSP Blocks                ; 0 / 66 ( 0 % )                              ;
; Total HSSI RX PCSs              ; 0                                           ;
; Total HSSI PMA RX Deserializers ; 0                                           ;
; Total HSSI TX PCSs              ; 0                                           ;
; Total HSSI PMA TX Serializers   ; 0                                           ;
; Total PLLs                      ; 0 / 4 ( 0 % )                               ;
; Total DLLs                      ; 0 / 4 ( 0 % )                               ;
+---------------------------------+---------------------------------------------+


+-----------------------------------------+
; Flow Settings                           ;
+-------------------+---------------------+
; Option            ; Setting             ;
+-------------------+---------------------+
; Start date & time ; 04/25/2019 09:33:13 ;
; Main task         ; Compilation         ;
; Revision Name     ; D_FlipFlop          ;
+-------------------+---------------------+


+-------------------------------------------------------------------------------------------------------------------------+
; Flow Non-Default Global Settings                                                                                        ;
+-------------------------------------+----------------------------------------+---------------+-------------+------------+
; Assignment Name                     ; Value                                  ; Default Value ; Entity Name ; Section Id ;
+-------------------------------------+----------------------------------------+---------------+-------------+------------+
; COMPILER_SIGNATURE_ID               ; 66325080979140.155620639305000         ; --            ; --          ; --         ;
; PARTITION_COLOR                     ; -- (Not supported for targeted family) ; --            ; DE0_CV      ; Top        ;
; PARTITION_COLOR                     ; -- (Not supported for targeted family) ; --            ; --          ; Top        ;
; PARTITION_FITTER_PRESERVATION_LEVEL ; -- (Not supported for targeted family) ; --            ; DE0_CV      ; Top        ;
; PARTITION_FITTER_PRESERVATION_LEVEL ; -- (Not supported for targeted family) ; --            ; --          ; Top        ;
; PARTITION_NETLIST_TYPE              ; -- (Not supported for targeted family) ; --            ; DE0_CV      ; Top        ;
; PARTITION_NETLIST_TYPE              ; -- (Not supported for targeted family) ; --            ; --          ; Top        ;
+-------------------------------------+----------------------------------------+---------------+-------------+------------+


+-------------------------------------------------------------------------------------------------------------------------------+
; Flow Elapsed Time                                                                                                             ;
+---------------------------+--------------+-------------------------+---------------------+------------------------------------+
; Module Name               ; Elapsed Time ; Average Processors Used ; Peak Virtual Memory ; Total CPU Time (on all processors) ;
+---------------------------+--------------+-------------------------+---------------------+------------------------------------+
; Analysis & Synthesis      ; 00:00:12     ; 1.0                     ; 675 MB              ; 00:00:30                           ;
; Fitter                    ; 00:00:19     ; 1.0                     ; 1806 MB             ; 00:00:28                           ;
; Assembler                 ; 00:00:04     ; 1.0                     ; 699 MB              ; 00:00:04                           ;
; TimeQuest Timing Analyzer ; 00:00:05     ; 1.0                     ; 924 MB              ; 00:00:05                           ;
; EDA Netlist Writer        ; 00:00:01     ; 1.0                     ; 586 MB              ; 00:00:01                           ;
; EDA Netlist Writer        ; 00:00:01     ; 1.0                     ; 596 MB              ; 00:00:01                           ;
; EDA Netlist Writer        ; 00:00:01     ; 1.0                     ; 588 MB              ; 00:00:01                           ;
; EDA Netlist Writer        ; 00:00:01     ; 1.0                     ; 596 MB              ; 00:00:01                           ;
; EDA Netlist Writer        ; 00:00:01     ; 1.0                     ; 588 MB              ; 00:00:01                           ;
; EDA Netlist Writer        ; 00:00:01     ; 1.0                     ; 596 MB              ; 00:00:01                           ;
; Total                     ; 00:00:46     ; --                      ; --                  ; 00:01:13                           ;
+---------------------------+--------------+-------------------------+---------------------+------------------------------------+


+-----------------------------------------------------------------------------------------+
; Flow OS Summary                                                                         ;
+---------------------------+------------------+------------+------------+----------------+
; Module Name               ; Machine Hostname ; OS Name    ; OS Version ; Processor type ;
+---------------------------+------------------+------------+------------+----------------+
; Analysis & Synthesis      ; LCHS-MLAB3-13    ; Windows 10 ; 10.0       ; x86_64         ;
; Fitter                    ; LCHS-MLAB3-13    ; Windows 10 ; 10.0       ; x86_64         ;
; Assembler                 ; LCHS-MLAB3-13    ; Windows 10 ; 10.0       ; x86_64         ;
; TimeQuest Timing Analyzer ; LCHS-MLAB3-13    ; Windows 10 ; 10.0       ; x86_64         ;
; EDA Netlist Writer        ; LCHS-MLAB3-13    ; Windows 10 ; 10.0       ; x86_64         ;
; EDA Netlist Writer        ; LCHS-MLAB3-13    ; Windows 10 ; 10.0       ; x86_64         ;
; EDA Netlist Writer        ; LCHS-MLAB3-13    ; Windows 10 ; 10.0       ; x86_64         ;
; EDA Netlist Writer        ; LCHS-MLAB3-13    ; Windows 10 ; 10.0       ; x86_64         ;
; EDA Netlist Writer        ; LCHS-MLAB3-13    ; Windows 10 ; 10.0       ; x86_64         ;
; EDA Netlist Writer        ; LCHS-MLAB3-13    ; Windows 10 ; 10.0       ; x86_64         ;
+---------------------------+------------------+------------+------------+----------------+


------------
; Flow Log ;
------------
quartus_map --read_settings_files=on --write_settings_files=off D_FlipFlop -c D_FlipFlop
quartus_fit --read_settings_files=off --write_settings_files=off D_FlipFlop -c D_FlipFlop
quartus_asm --read_settings_files=off --write_settings_files=off D_FlipFlop -c D_FlipFlop
quartus_sta D_FlipFlop -c D_FlipFlop
quartus_eda --gen_testbench --tool=modelsim_oem --format=verilog --write_settings_files=off D_FlipFlop -c D_FlipFlop --vector_source=C:/Users/barber.timothy20/Documents/Github/Quartus/Lab14/DFlipFlop.vwf --testbench_file=C:/Users/barber.timothy20/Documents/Github/Quartus/Lab14/simulation/qsim/DFlipFlop.vwf.vt
quartus_eda --write_settings_files=off --simulation=on --functional=on --flatten_buses=off --tool=modelsim_oem --format=verilog --output_directory=C:/Users/barber.timothy20/Documents/Github/Quartus/Lab14/simulation/qsim/ D_FlipFlop -c D_FlipFlop
quartus_eda --gen_testbench --tool=modelsim_oem --format=verilog --write_settings_files=off D_FlipFlop -c D_FlipFlop --vector_source=C:/Users/barber.timothy20/Documents/Github/Quartus/Lab14/DFlipFlop.vwf --testbench_file=C:/Users/barber.timothy20/Documents/Github/Quartus/Lab14/simulation/qsim/DFlipFlop.vwf.vt
quartus_eda --write_settings_files=off --simulation=on --functional=on --flatten_buses=off --tool=modelsim_oem --format=verilog --output_directory=C:/Users/barber.timothy20/Documents/Github/Quartus/Lab14/simulation/qsim/ D_FlipFlop -c D_FlipFlop
quartus_eda --gen_testbench --tool=modelsim_oem --format=verilog --write_settings_files=off D_FlipFlop -c D_FlipFlop --vector_source=C:/Users/barber.timothy20/Documents/Github/Quartus/Lab14/DFlipFlop.vwf --testbench_file=C:/Users/barber.timothy20/Documents/Github/Quartus/Lab14/simulation/qsim/DFlipFlop.vwf.vt
quartus_eda --write_settings_files=off --simulation=on --functional=on --flatten_buses=off --tool=modelsim_oem --format=verilog --output_directory=C:/Users/barber.timothy20/Documents/Github/Quartus/Lab14/simulation/qsim/ D_FlipFlop -c D_FlipFlop



