Analysis & Synthesis report for D_FlipFlop
Thu Apr 25 09:33:26 2019
Quartus Prime Version 16.1.0 Build 196 10/24/2016 SJ Lite Edition


---------------------
; Table of Contents ;
---------------------
  1. Legal Notice
  2. Analysis & Synthesis Summary
  3. Analysis & Synthesis Settings
  4. Parallel Compilation
  5. Analysis & Synthesis Source Files Read
  6. Analysis & Synthesis Resource Usage Summary
  7. Analysis & Synthesis Resource Utilization by Entity
  8. User-Specified and Inferred Latches
  9. General Register Statistics
 10. Port Connectivity Checks: "D_latch_behaviour:comb_8"
 11. Post-Synthesis Netlist Statistics for Top Partition
 12. Elapsed Time Per Partition
 13. Analysis & Synthesis Messages



----------------
; Legal Notice ;
----------------
Copyright (C) 2016  Intel Corporation. All rights reserved.
Your use of Intel Corporation's design tools, logic functions 
and other software and tools, and its AMPP partner logic 
functions, and any output files from any of the foregoing 
(including device programming or simulation files), and any 
associated documentation or information are expressly subject 
to the terms and conditions of the Intel Program License 
Subscription Agreement, the Intel Quartus Prime License Agreement,
the Intel MegaCore Function License Agreement, or other 
applicable license agreement, including, without limitation, 
that your use is for the sole purpose of programming logic 
devices manufactured by Intel and sold by Intel or its 
authorized distributors.  Please refer to the applicable 
agreement for further details.



+-------------------------------------------------------------------------------+
; Analysis & Synthesis Summary                                                  ;
+---------------------------------+---------------------------------------------+
; Analysis & Synthesis Status     ; Successful - Thu Apr 25 09:33:26 2019       ;
; Quartus Prime Version           ; 16.1.0 Build 196 10/24/2016 SJ Lite Edition ;
; Revision Name                   ; D_FlipFlop                                  ;
; Top-level Entity Name           ; D_FlipFlop                                  ;
; Family                          ; Cyclone V                                   ;
; Logic utilization (in ALMs)     ; N/A                                         ;
; Total registers                 ; 2                                           ;
; Total pins                      ; 26                                          ;
; Total virtual pins              ; 0                                           ;
; Total block memory bits         ; 0                                           ;
; Total DSP Blocks                ; 0                                           ;
; Total HSSI RX PCSs              ; 0                                           ;
; Total HSSI PMA RX Deserializers ; 0                                           ;
; Total HSSI TX PCSs              ; 0                                           ;
; Total HSSI PMA TX Serializers   ; 0                                           ;
; Total PLLs                      ; 0                                           ;
; Total DLLs                      ; 0                                           ;
+---------------------------------+---------------------------------------------+


+---------------------------------------------------------------------------------------------------------------------------+
; Analysis & Synthesis Settings                                                                                             ;
+---------------------------------------------------------------------------------+--------------------+--------------------+
; Option                                                                          ; Setting            ; Default Value      ;
+---------------------------------------------------------------------------------+--------------------+--------------------+
; Device                                                                          ; 5CEBA4F23C7        ;                    ;
; Top-level entity name                                                           ; D_FlipFlop         ; D_FlipFlop         ;
; Family name                                                                     ; Cyclone V          ; Cyclone V          ;
; Use smart compilation                                                           ; Off                ; Off                ;
; Enable parallel Assembler and TimeQuest Timing Analyzer during compilation      ; On                 ; On                 ;
; Enable compact report table                                                     ; Off                ; Off                ;
; Restructure Multiplexers                                                        ; Auto               ; Auto               ;
; MLAB Add Timing Constraints For Mixed-Port Feed-Through Mode Setting Don't Care ; Off                ; Off                ;
; Create Debugging Nodes for IP Cores                                             ; Off                ; Off                ;
; Preserve fewer node names                                                       ; On                 ; On                 ;
; OpenCore Plus hardware evaluation                                               ; Enable             ; Enable             ;
; Verilog Version                                                                 ; Verilog_2001       ; Verilog_2001       ;
; VHDL Version                                                                    ; VHDL_1993          ; VHDL_1993          ;
; State Machine Processing                                                        ; Auto               ; Auto               ;
; Safe State Machine                                                              ; Off                ; Off                ;
; Extract Verilog State Machines                                                  ; On                 ; On                 ;
; Extract VHDL State Machines                                                     ; On                 ; On                 ;
; Ignore Verilog initial constructs                                               ; Off                ; Off                ;
; Iteration limit for constant Verilog loops                                      ; 5000               ; 5000               ;
; Iteration limit for non-constant Verilog loops                                  ; 250                ; 250                ;
; Add Pass-Through Logic to Inferred RAMs                                         ; On                 ; On                 ;
; Infer RAMs from Raw Logic                                                       ; On                 ; On                 ;
; Parallel Synthesis                                                              ; On                 ; On                 ;
; DSP Block Balancing                                                             ; Auto               ; Auto               ;
; NOT Gate Push-Back                                                              ; On                 ; On                 ;
; Power-Up Don't Care                                                             ; On                 ; On                 ;
; Remove Redundant Logic Cells                                                    ; Off                ; Off                ;
; Remove Duplicate Registers                                                      ; On                 ; On                 ;
; Ignore CARRY Buffers                                                            ; Off                ; Off                ;
; Ignore CASCADE Buffers                                                          ; Off                ; Off                ;
; Ignore GLOBAL Buffers                                                           ; Off                ; Off                ;
; Ignore ROW GLOBAL Buffers                                                       ; Off                ; Off                ;
; Ignore LCELL Buffers                                                            ; Off                ; Off                ;
; Ignore SOFT Buffers                                                             ; On                 ; On                 ;
; Limit AHDL Integers to 32 Bits                                                  ; Off                ; Off                ;
; Optimization Technique                                                          ; Balanced           ; Balanced           ;
; Carry Chain Length                                                              ; 70                 ; 70                 ;
; Auto Carry Chains                                                               ; On                 ; On                 ;
; Auto Open-Drain Pins                                                            ; On                 ; On                 ;
; Perform WYSIWYG Primitive Resynthesis                                           ; Off                ; Off                ;
; Auto ROM Replacement                                                            ; On                 ; On                 ;
; Auto RAM Replacement                                                            ; On                 ; On                 ;
; Auto DSP Block Replacement                                                      ; On                 ; On                 ;
; Auto Shift Register Replacement                                                 ; Auto               ; Auto               ;
; Allow Shift Register Merging across Hierarchies                                 ; Auto               ; Auto               ;
; Auto Clock Enable Replacement                                                   ; On                 ; On                 ;
; Strict RAM Replacement                                                          ; Off                ; Off                ;
; Allow Synchronous Control Signals                                               ; On                 ; On                 ;
; Force Use of Synchronous Clear Signals                                          ; Off                ; Off                ;
; Auto Resource Sharing                                                           ; Off                ; Off                ;
; Allow Any RAM Size For Recognition                                              ; Off                ; Off                ;
; Allow Any ROM Size For Recognition                                              ; Off                ; Off                ;
; Allow Any Shift Register Size For Recognition                                   ; Off                ; Off                ;
; Use LogicLock Constraints during Resource Balancing                             ; On                 ; On                 ;
; Ignore translate_off and synthesis_off directives                               ; Off                ; Off                ;
; Timing-Driven Synthesis                                                         ; On                 ; On                 ;
; Report Parameter Settings                                                       ; On                 ; On                 ;
; Report Source Assignments                                                       ; On                 ; On                 ;
; Report Connectivity Checks                                                      ; On                 ; On                 ;
; Ignore Maximum Fan-Out Assignments                                              ; Off                ; Off                ;
; Synchronization Register Chain Length                                           ; 3                  ; 3                  ;
; PowerPlay Power Optimization During Synthesis                                   ; Normal compilation ; Normal compilation ;
; HDL message level                                                               ; Level2             ; Level2             ;
; Suppress Register Optimization Related Messages                                 ; Off                ; Off                ;
; Number of Removed Registers Reported in Synthesis Report                        ; 5000               ; 5000               ;
; Number of Swept Nodes Reported in Synthesis Report                              ; 5000               ; 5000               ;
; Number of Inverted Registers Reported in Synthesis Report                       ; 100                ; 100                ;
; Clock MUX Protection                                                            ; On                 ; On                 ;
; Auto Gated Clock Conversion                                                     ; Off                ; Off                ;
; Block Design Naming                                                             ; Auto               ; Auto               ;
; SDC constraint protection                                                       ; Off                ; Off                ;
; Synthesis Effort                                                                ; Auto               ; Auto               ;
; Shift Register Replacement - Allow Asynchronous Clear Signal                    ; On                 ; On                 ;
; Pre-Mapping Resynthesis Optimization                                            ; Off                ; Off                ;
; Analysis & Synthesis Message Level                                              ; Medium             ; Medium             ;
; Disable Register Merging Across Hierarchies                                     ; Auto               ; Auto               ;
; Resource Aware Inference For Block RAM                                          ; On                 ; On                 ;
; Automatic Parallel Synthesis                                                    ; On                 ; On                 ;
; Partial Reconfiguration Bitstream ID                                            ; Off                ; Off                ;
+---------------------------------------------------------------------------------+--------------------+--------------------+


+------------------------------------------+
; Parallel Compilation                     ;
+----------------------------+-------------+
; Processors                 ; Number      ;
+----------------------------+-------------+
; Number detected on machine ; 4           ;
; Maximum allowed            ; 2           ;
;                            ;             ;
; Average used               ; 1.00        ;
; Maximum used               ; 1           ;
;                            ;             ;
; Usage by Processor         ; % Time Used ;
;     Processor 1            ; 100.0%      ;
+----------------------------+-------------+


+-----------------------------------------------------------------------------------------------------------------------------------------------------------------------------+
; Analysis & Synthesis Source Files Read                                                                                                                                      ;
+----------------------------------+-----------------+------------------------------+-------------------------------------------------------------------------------+---------+
; File Name with User-Entered Path ; Used in Netlist ; File Type                    ; File Name with Absolute Path                                                  ; Library ;
+----------------------------------+-----------------+------------------------------+-------------------------------------------------------------------------------+---------+
; D_latch_behaviour.v              ; yes             ; User Verilog HDL File        ; C:/Users/barber.timothy20/Documents/Github/Quartus/Lab14/D_latch_behaviour.v  ;         ;
; D_flipflop_falling.v             ; yes             ; User Verilog HDL File        ; C:/Users/barber.timothy20/Documents/Github/Quartus/Lab14/D_flipflop_falling.v ;         ;
; D_flipflop_rising.v              ; yes             ; User Verilog HDL File        ; C:/Users/barber.timothy20/Documents/Github/Quartus/Lab14/D_flipflop_rising.v  ;         ;
; d_flipflop.v                     ; yes             ; Auto-Found Verilog HDL File  ; C:/Users/barber.timothy20/Documents/Github/Quartus/Lab14/d_flipflop.v         ;         ;
+----------------------------------+-----------------+------------------------------+-------------------------------------------------------------------------------+---------+


+------------------------------------------------------------+
; Analysis & Synthesis Resource Usage Summary                ;
+---------------------------------------------+--------------+
; Resource                                    ; Usage        ;
+---------------------------------------------+--------------+
; Estimate of Logic utilization (ALMs needed) ; 2            ;
;                                             ;              ;
; Combinational ALUT usage for logic          ; 1            ;
;     -- 7 input functions                    ; 0            ;
;     -- 6 input functions                    ; 0            ;
;     -- 5 input functions                    ; 0            ;
;     -- 4 input functions                    ; 0            ;
;     -- <=3 input functions                  ; 1            ;
;                                             ;              ;
; Dedicated logic registers                   ; 2            ;
;                                             ;              ;
; I/O pins                                    ; 26           ;
;                                             ;              ;
; Total DSP Blocks                            ; 0            ;
;                                             ;              ;
; Maximum fan-out node                        ; KEY[0]~input ;
; Maximum fan-out                             ; 4            ;
; Total fan-out                               ; 38           ;
; Average fan-out                             ; 0.68         ;
+---------------------------------------------+--------------+


+-----------------------------------------------------------------------------------------------------------------------------------------------------------------------------------------------------------------------+
; Analysis & Synthesis Resource Utilization by Entity                                                                                                                                                                   ;
+---------------------------------+---------------------+---------------------------+-------------------+------------+------+--------------+----------------------------------------+--------------------+--------------+
; Compilation Hierarchy Node      ; Combinational ALUTs ; Dedicated Logic Registers ; Block Memory Bits ; DSP Blocks ; Pins ; Virtual Pins ; Full Hierarchy Name                    ; Entity Name        ; Library Name ;
+---------------------------------+---------------------+---------------------------+-------------------+------------+------+--------------+----------------------------------------+--------------------+--------------+
; |D_FlipFlop                     ; 1 (0)               ; 2 (0)                     ; 0                 ; 0          ; 26   ; 0            ; |D_FlipFlop                            ; D_FlipFlop         ; work         ;
;    |D_flipflop_falling:comb_10| ; 0 (0)               ; 1 (1)                     ; 0                 ; 0          ; 0    ; 0            ; |D_FlipFlop|D_flipflop_falling:comb_10 ; D_flipflop_falling ; work         ;
;    |D_flipflop_rising:comb_9|   ; 0 (0)               ; 1 (1)                     ; 0                 ; 0          ; 0    ; 0            ; |D_FlipFlop|D_flipflop_rising:comb_9   ; D_flipflop_rising  ; work         ;
;    |D_latch_behaviour:comb_8|   ; 1 (1)               ; 0 (0)                     ; 0                 ; 0          ; 0    ; 0            ; |D_FlipFlop|D_latch_behaviour:comb_8   ; D_latch_behaviour  ; work         ;
+---------------------------------+---------------------+---------------------------+-------------------+------------+------+--------------+----------------------------------------+--------------------+--------------+
Note: For table entries with two numbers listed, the numbers in parentheses indicate the number of resources of the given type used by the specific entity alone. The numbers listed outside of parentheses indicate the total resources of the given type used by the specific entity and all of its sub-entities in the hierarchy.


+---------------------------------------------------------------------------------------------------+
; User-Specified and Inferred Latches                                                               ;
+----------------------------------------------------+---------------------+------------------------+
; Latch Name                                         ; Latch Enable Signal ; Free of Timing Hazards ;
+----------------------------------------------------+---------------------+------------------------+
; D_latch_behaviour:comb_8|Q                         ; KEY[0]              ; yes                    ;
; Number of user-specified and inferred latches = 1  ;                     ;                        ;
+----------------------------------------------------+---------------------+------------------------+
Note: All latches listed above may not be present at the end of synthesis due to various synthesis optimizations.


+------------------------------------------------------+
; General Register Statistics                          ;
+----------------------------------------------+-------+
; Statistic                                    ; Value ;
+----------------------------------------------+-------+
; Total registers                              ; 2     ;
; Number of registers using Synchronous Clear  ; 0     ;
; Number of registers using Synchronous Load   ; 0     ;
; Number of registers using Asynchronous Clear ; 0     ;
; Number of registers using Asynchronous Load  ; 0     ;
; Number of registers using Clock Enable       ; 0     ;
; Number of registers using Preset             ; 0     ;
+----------------------------------------------+-------+


+----------------------------------------------------------------------------------------------------------------+
; Port Connectivity Checks: "D_latch_behaviour:comb_8"                                                           ;
+------+--------+----------+-------------------------------------------------------------------------------------+
; Port ; Type   ; Severity ; Details                                                                             ;
+------+--------+----------+-------------------------------------------------------------------------------------+
; Qbar ; Output ; Info     ; Connected to dangling logic. Logic that only feeds a dangling port will be removed. ;
+------+--------+----------+-------------------------------------------------------------------------------------+


+-----------------------------------------------------+
; Post-Synthesis Netlist Statistics for Top Partition ;
+-----------------------+-----------------------------+
; Type                  ; Count                       ;
+-----------------------+-----------------------------+
; arriav_ff             ; 2                           ;
;     plain             ; 2                           ;
; arriav_io_obuf        ; 1                           ;
; arriav_lcell_comb     ; 3                           ;
;     normal            ; 3                           ;
;         0 data inputs ; 1                           ;
;         1 data inputs ; 1                           ;
;         3 data inputs ; 1                           ;
; boundary_port         ; 26                          ;
;                       ;                             ;
; Max LUT depth         ; 1.00                        ;
; Average LUT depth     ; 0.56                        ;
+-----------------------+-----------------------------+


+-------------------------------+
; Elapsed Time Per Partition    ;
+----------------+--------------+
; Partition Name ; Elapsed Time ;
+----------------+--------------+
; Top            ; 00:00:00     ;
+----------------+--------------+


+-------------------------------+
; Analysis & Synthesis Messages ;
+-------------------------------+
Info: *******************************************************************
Info: Running Quartus Prime Analysis & Synthesis
    Info: Version 16.1.0 Build 196 10/24/2016 SJ Lite Edition
    Info: Processing started: Thu Apr 25 09:33:13 2019
Info: Command: quartus_map --read_settings_files=on --write_settings_files=off D_FlipFlop -c D_FlipFlop
Warning (18236): Number of processors has not been specified which may cause overloading on shared machines.  Set the global assignment NUM_PARALLEL_PROCESSORS in your QSF to an appropriate value for best performance.
Info (20030): Parallel compilation is enabled and will use 2 of the 2 processors detected
Info (12021): Found 1 design units, including 1 entities, in source file d_latch_behaviour.v
    Info (12023): Found entity 1: D_latch_behaviour File: C:/Users/barber.timothy20/Documents/Github/Quartus/Lab14/D_latch_behaviour.v Line: 1
Info (12021): Found 1 design units, including 1 entities, in source file d_flipflop_falling.v
    Info (12023): Found entity 1: D_flipflop_falling File: C:/Users/barber.timothy20/Documents/Github/Quartus/Lab14/D_flipflop_falling.v Line: 1
Info (12021): Found 1 design units, including 1 entities, in source file d_flipflop_rising.v
    Info (12023): Found entity 1: D_flipflop_rising File: C:/Users/barber.timothy20/Documents/Github/Quartus/Lab14/D_flipflop_rising.v Line: 1
Warning (12125): Using design file d_flipflop.v, which is not specified as a design file for the current project, but contains definitions for 1 design units and 1 entities in project
    Info (12023): Found entity 1: D_FlipFlop File: C:/Users/barber.timothy20/Documents/Github/Quartus/Lab14/d_flipflop.v Line: 6
Critical Warning (10846): Verilog HDL Instantiation warning at d_flipflop.v(41): instance has no name File: C:/Users/barber.timothy20/Documents/Github/Quartus/Lab14/d_flipflop.v Line: 41
Critical Warning (10846): Verilog HDL Instantiation warning at d_flipflop.v(42): instance has no name File: C:/Users/barber.timothy20/Documents/Github/Quartus/Lab14/d_flipflop.v Line: 42
Critical Warning (10846): Verilog HDL Instantiation warning at d_flipflop.v(43): instance has no name File: C:/Users/barber.timothy20/Documents/Github/Quartus/Lab14/d_flipflop.v Line: 43
Info (12127): Elaborating entity "D_FlipFlop" for the top level hierarchy
Warning (10034): Output port "LEDR[8..3]" at d_flipflop.v(15) has no driver File: C:/Users/barber.timothy20/Documents/Github/Quartus/Lab14/d_flipflop.v Line: 15
Info (12128): Elaborating entity "D_latch_behaviour" for hierarchy "D_latch_behaviour:comb_8" File: C:/Users/barber.timothy20/Documents/Github/Quartus/Lab14/d_flipflop.v Line: 41
Warning (10240): Verilog HDL Always Construct warning at D_latch_behaviour.v(2): inferring latch(es) for variable "Q", which holds its previous value in one or more paths through the always construct File: C:/Users/barber.timothy20/Documents/Github/Quartus/Lab14/D_latch_behaviour.v Line: 2
Warning (10240): Verilog HDL Always Construct warning at D_latch_behaviour.v(2): inferring latch(es) for variable "Qbar", which holds its previous value in one or more paths through the always construct File: C:/Users/barber.timothy20/Documents/Github/Quartus/Lab14/D_latch_behaviour.v Line: 2
Info (10041): Inferred latch for "Qbar" at D_latch_behaviour.v(2) File: C:/Users/barber.timothy20/Documents/Github/Quartus/Lab14/D_latch_behaviour.v Line: 2
Info (10041): Inferred latch for "Q" at D_latch_behaviour.v(2) File: C:/Users/barber.timothy20/Documents/Github/Quartus/Lab14/D_latch_behaviour.v Line: 2
Info (12128): Elaborating entity "D_flipflop_rising" for hierarchy "D_flipflop_rising:comb_9" File: C:/Users/barber.timothy20/Documents/Github/Quartus/Lab14/d_flipflop.v Line: 42
Info (12128): Elaborating entity "D_flipflop_falling" for hierarchy "D_flipflop_falling:comb_10" File: C:/Users/barber.timothy20/Documents/Github/Quartus/Lab14/d_flipflop.v Line: 43
Warning (13039): The following bidirectional pins have no drivers
    Warning (13040): bidirectional pin "CLOCK4_50" has no driver File: C:/Users/barber.timothy20/Documents/Github/Quartus/Lab14/d_flipflop.v Line: 12
Warning (13024): Output pins are stuck at VCC or GND
    Warning (13410): Pin "LEDR[3]" is stuck at GND File: C:/Users/barber.timothy20/Documents/Github/Quartus/Lab14/d_flipflop.v Line: 15
    Warning (13410): Pin "LEDR[4]" is stuck at GND File: C:/Users/barber.timothy20/Documents/Github/Quartus/Lab14/d_flipflop.v Line: 15
    Warning (13410): Pin "LEDR[5]" is stuck at GND File: C:/Users/barber.timothy20/Documents/Github/Quartus/Lab14/d_flipflop.v Line: 15
    Warning (13410): Pin "LEDR[6]" is stuck at GND File: C:/Users/barber.timothy20/Documents/Github/Quartus/Lab14/d_flipflop.v Line: 15
    Warning (13410): Pin "LEDR[7]" is stuck at GND File: C:/Users/barber.timothy20/Documents/Github/Quartus/Lab14/d_flipflop.v Line: 15
    Warning (13410): Pin "LEDR[8]" is stuck at GND File: C:/Users/barber.timothy20/Documents/Github/Quartus/Lab14/d_flipflop.v Line: 15
Info (286030): Timing-Driven Synthesis is running
Warning (20013): Ignored 24 assignments for entity "DE0_CV" -- entity does not exist in design
    Warning (20014): Assignment for entity set_instance_assignment -name PARTITION_HIERARCHY root_partition -to | -entity DE0_CV -section_id Top was ignored
    Warning (20014): Assignment for entity set_global_assignment -name PARTITION_NETLIST_TYPE SOURCE -entity DE0_CV -section_id Top was ignored
    Warning (20014): Assignment for entity set_global_assignment -name PARTITION_FITTER_PRESERVATION_LEVEL PLACEMENT_AND_ROUTING -entity DE0_CV -section_id Top was ignored
    Warning (20014): Assignment for entity set_global_assignment -name PARTITION_PRESERVE_HIGH_SPEED_TILES ON -entity DE0_CV -section_id Top was ignored
    Warning (20014): Assignment for entity set_global_assignment -name PARTITION_IGNORE_SOURCE_FILE_CHANGES OFF -entity DE0_CV -section_id Top was ignored
    Warning (20014): Assignment for entity set_global_assignment -name PARTITION_ALWAYS_USE_QXP_NETLIST OFF -entity DE0_CV -section_id Top was ignored
    Warning (20014): Assignment for entity set_global_assignment -name PARTITION_COLOR 16764057 -entity DE0_CV -section_id Top was ignored
    Warning (20014): Assignment for entity set_global_assignment -name PARTITION_IMPORT_ASSIGNMENTS ON -entity DE0_CV -section_id Top was ignored
    Warning (20014): Assignment for entity set_global_assignment -name PARTITION_IMPORT_EXISTING_ASSIGNMENTS REPLACE_CONFLICTING -entity DE0_CV -section_id Top was ignored
    Warning (20014): Assignment for entity set_global_assignment -name PARTITION_IMPORT_EXISTING_LOGICLOCK_REGIONS UPDATE_CONFLICTING -entity DE0_CV -section_id Top was ignored
    Warning (20014): Assignment for entity set_global_assignment -name PARTITION_IMPORT_PIN_ASSIGNMENTS ON -entity DE0_CV -section_id Top was ignored
    Warning (20014): Assignment for entity set_global_assignment -name PARTITION_IMPORT_PROMOTE_ASSIGNMENTS ON -entity DE0_CV -section_id Top was ignored
    Warning (20014): Assignment for entity set_global_assignment -name PARTITION_TYPE STANDARD_PARTITION -entity DE0_CV -section_id Top was ignored
    Warning (20014): Assignment for entity set_global_assignment -name ALLOW_MULTIPLE_PERSONAS OFF -entity DE0_CV -section_id Top was ignored
    Warning (20014): Assignment for entity set_global_assignment -name PARTITION_ASD_REGION_ID 1 -entity DE0_CV -section_id Top was ignored
    Warning (20014): Assignment for entity set_global_assignment -name CROSS_BOUNDARY_OPTIMIZATIONS OFF -entity DE0_CV -section_id Top was ignored
    Warning (20014): Assignment for entity set_global_assignment -name PROPAGATE_CONSTANTS_ON_INPUTS ON -entity DE0_CV -section_id Top was ignored
    Warning (20014): Assignment for entity set_global_assignment -name PROPAGATE_INVERSIONS_ON_INPUTS ON -entity DE0_CV -section_id Top was ignored
    Warning (20014): Assignment for entity set_global_assignment -name REMOVE_LOGIC_ON_UNCONNECTED_OUTPUTS ON -entity DE0_CV -section_id Top was ignored
    Warning (20014): Assignment for entity set_global_assignment -name MERGE_EQUIVALENT_INPUTS ON -entity DE0_CV -section_id Top was ignored
    Warning (20014): Assignment for entity set_global_assignment -name MERGE_EQUIVALENT_BIDIRS ON -entity DE0_CV -section_id Top was ignored
    Warning (20014): Assignment for entity set_global_assignment -name ABSORB_PATHS_FROM_OUTPUTS_TO_INPUTS ON -entity DE0_CV -section_id Top was ignored
    Warning (20014): Assignment for entity set_global_assignment -name PARTITION_EXTRACT_HARD_BLOCK_NODES ON -entity DE0_CV -section_id Top was ignored
    Warning (20014): Assignment for entity set_global_assignment -name PARTITION_ENABLE_STRICT_PRESERVATION OFF -entity DE0_CV -section_id Top was ignored
Info (16010): Generating hard_block partition "hard_block:auto_generated_inst"
    Info (16011): Adding 0 node(s), including 0 DDIO, 0 PLL, 0 transceiver and 0 LCELL
Warning (21074): Design contains 13 input pin(s) that do not drive logic
    Warning (15610): No output dependent on input pin "CLOCK_50" File: C:/Users/barber.timothy20/Documents/Github/Quartus/Lab14/d_flipflop.v Line: 9
    Warning (15610): No output dependent on input pin "CLOCK2_50" File: C:/Users/barber.timothy20/Documents/Github/Quartus/Lab14/d_flipflop.v Line: 10
    Warning (15610): No output dependent on input pin "CLOCK3_50" File: C:/Users/barber.timothy20/Documents/Github/Quartus/Lab14/d_flipflop.v Line: 11
    Warning (15610): No output dependent on input pin "SW[1]" File: C:/Users/barber.timothy20/Documents/Github/Quartus/Lab14/d_flipflop.v Line: 18
    Warning (15610): No output dependent on input pin "SW[2]" File: C:/Users/barber.timothy20/Documents/Github/Quartus/Lab14/d_flipflop.v Line: 18
    Warning (15610): No output dependent on input pin "SW[3]" File: C:/Users/barber.timothy20/Documents/Github/Quartus/Lab14/d_flipflop.v Line: 18
    Warning (15610): No output dependent on input pin "SW[4]" File: C:/Users/barber.timothy20/Documents/Github/Quartus/Lab14/d_flipflop.v Line: 18
    Warning (15610): No output dependent on input pin "SW[5]" File: C:/Users/barber.timothy20/Documents/Github/Quartus/Lab14/d_flipflop.v Line: 18
    Warning (15610): No output dependent on input pin "SW[6]" File: C:/Users/barber.timothy20/Documents/Github/Quartus/Lab14/d_flipflop.v Line: 18
    Warning (15610): No output dependent on input pin "SW[7]" File: C:/Users/barber.timothy20/Documents/Github/Quartus/Lab14/d_flipflop.v Line: 18
    Warning (15610): No output dependent on input pin "SW[8]" File: C:/Users/barber.timothy20/Documents/Github/Quartus/Lab14/d_flipflop.v Line: 18
    Warning (15610): No output dependent on input pin "SW[9]" File: C:/Users/barber.timothy20/Documents/Github/Quartus/Lab14/d_flipflop.v Line: 18
    Warning (15610): No output dependent on input pin "KEY[1]" File: C:/Users/barber.timothy20/Documents/Github/Quartus/Lab14/d_flipflop.v Line: 22
Info (21057): Implemented 29 device resources after synthesis - the final resource count might be different
    Info (21058): Implemented 15 input pins
    Info (21059): Implemented 10 output pins
    Info (21060): Implemented 1 bidirectional pins
    Info (21061): Implemented 3 logic cells
Info: Quartus Prime Analysis & Synthesis was successful. 0 errors, 56 warnings
    Info: Peak virtual memory: 686 megabytes
    Info: Processing ended: Thu Apr 25 09:33:26 2019
    Info: Elapsed time: 00:00:13
    Info: Total CPU time (on all processors): 00:00:30


