Analysis & Synthesis report for LAB9
Tue Apr 02 10:57:51 2019
Quartus Prime Version 16.1.0 Build 196 10/24/2016 SJ Lite Edition


---------------------
; Table of Contents ;
---------------------
  1. Legal Notice
  2. Analysis & Synthesis Summary
  3. Analysis & Synthesis Settings
  4. Parallel Compilation
  5. Port Connectivity Checks: "binary_to_bcd:comb_35|add3:m6"
  6. Port Connectivity Checks: "binary_to_bcd:comb_35|add3:m1"
  7. Port Connectivity Checks: "binary_to_bcd:comb_35"
  8. Port Connectivity Checks: "full_adder:comb_27"
  9. Analysis & Synthesis Messages



----------------
; Legal Notice ;
----------------
Copyright (C) 2016  Intel Corporation. All rights reserved.
Your use of Intel Corporation's design tools, logic functions 
and other software and tools, and its AMPP partner logic 
functions, and any output files from any of the foregoing 
(including device programming or simulation files), and any 
associated documentation or information are expressly subject 
to the terms and conditions of the Intel Program License 
Subscription Agreement, the Intel Quartus Prime License Agreement,
the Intel MegaCore Function License Agreement, or other 
applicable license agreement, including, without limitation, 
that your use is for the sole purpose of programming logic 
devices manufactured by Intel and sold by Intel or its 
authorized distributors.  Please refer to the applicable 
agreement for further details.



+---------------------------------------------------------------------------+
; Analysis & Synthesis Summary                                              ;
+-----------------------------+---------------------------------------------+
; Analysis & Synthesis Status ; Failed - Tue Apr 02 10:57:51 2019           ;
; Quartus Prime Version       ; 16.1.0 Build 196 10/24/2016 SJ Lite Edition ;
; Revision Name               ; LAB9                                        ;
; Top-level Entity Name       ; LAB9                                        ;
; Family                      ; Cyclone V                                   ;
; Logic utilization (in ALMs) ; N/A until Partition Merge                   ;
; Total registers             ; N/A until Partition Merge                   ;
; Total pins                  ; N/A until Partition Merge                   ;
; Total virtual pins          ; N/A until Partition Merge                   ;
; Total block memory bits     ; N/A until Partition Merge                   ;
; Total PLLs                  ; N/A until Partition Merge                   ;
; Total DLLs                  ; N/A until Partition Merge                   ;
+-----------------------------+---------------------------------------------+


+---------------------------------------------------------------------------------------------------------------------------+
; Analysis & Synthesis Settings                                                                                             ;
+---------------------------------------------------------------------------------+--------------------+--------------------+
; Option                                                                          ; Setting            ; Default Value      ;
+---------------------------------------------------------------------------------+--------------------+--------------------+
; Device                                                                          ; 5CEBA4F23C7        ;                    ;
; Top-level entity name                                                           ; LAB9               ; LAB9               ;
; Family name                                                                     ; Cyclone V          ; Cyclone V          ;
; Use smart compilation                                                           ; Off                ; Off                ;
; Enable parallel Assembler and TimeQuest Timing Analyzer during compilation      ; On                 ; On                 ;
; Enable compact report table                                                     ; Off                ; Off                ;
; Restructure Multiplexers                                                        ; Auto               ; Auto               ;
; MLAB Add Timing Constraints For Mixed-Port Feed-Through Mode Setting Don't Care ; Off                ; Off                ;
; Create Debugging Nodes for IP Cores                                             ; Off                ; Off                ;
; Preserve fewer node names                                                       ; On                 ; On                 ;
; OpenCore Plus hardware evaluation                                               ; Enable             ; Enable             ;
; Verilog Version                                                                 ; Verilog_2001       ; Verilog_2001       ;
; VHDL Version                                                                    ; VHDL_1993          ; VHDL_1993          ;
; State Machine Processing                                                        ; Auto               ; Auto               ;
; Safe State Machine                                                              ; Off                ; Off                ;
; Extract Verilog State Machines                                                  ; On                 ; On                 ;
; Extract VHDL State Machines                                                     ; On                 ; On                 ;
; Ignore Verilog initial constructs                                               ; Off                ; Off                ;
; Iteration limit for constant Verilog loops                                      ; 5000               ; 5000               ;
; Iteration limit for non-constant Verilog loops                                  ; 250                ; 250                ;
; Add Pass-Through Logic to Inferred RAMs                                         ; On                 ; On                 ;
; Infer RAMs from Raw Logic                                                       ; On                 ; On                 ;
; Parallel Synthesis                                                              ; On                 ; On                 ;
; DSP Block Balancing                                                             ; Auto               ; Auto               ;
; NOT Gate Push-Back                                                              ; On                 ; On                 ;
; Power-Up Don't Care                                                             ; On                 ; On                 ;
; Remove Redundant Logic Cells                                                    ; Off                ; Off                ;
; Remove Duplicate Registers                                                      ; On                 ; On                 ;
; Ignore CARRY Buffers                                                            ; Off                ; Off                ;
; Ignore CASCADE Buffers                                                          ; Off                ; Off                ;
; Ignore GLOBAL Buffers                                                           ; Off                ; Off                ;
; Ignore ROW GLOBAL Buffers                                                       ; Off                ; Off                ;
; Ignore LCELL Buffers                                                            ; Off                ; Off                ;
; Ignore SOFT Buffers                                                             ; On                 ; On                 ;
; Limit AHDL Integers to 32 Bits                                                  ; Off                ; Off                ;
; Optimization Technique                                                          ; Balanced           ; Balanced           ;
; Carry Chain Length                                                              ; 70                 ; 70                 ;
; Auto Carry Chains                                                               ; On                 ; On                 ;
; Auto Open-Drain Pins                                                            ; On                 ; On                 ;
; Perform WYSIWYG Primitive Resynthesis                                           ; Off                ; Off                ;
; Auto ROM Replacement                                                            ; On                 ; On                 ;
; Auto RAM Replacement                                                            ; On                 ; On                 ;
; Auto DSP Block Replacement                                                      ; On                 ; On                 ;
; Auto Shift Register Replacement                                                 ; Auto               ; Auto               ;
; Allow Shift Register Merging across Hierarchies                                 ; Auto               ; Auto               ;
; Auto Clock Enable Replacement                                                   ; On                 ; On                 ;
; Strict RAM Replacement                                                          ; Off                ; Off                ;
; Allow Synchronous Control Signals                                               ; On                 ; On                 ;
; Force Use of Synchronous Clear Signals                                          ; Off                ; Off                ;
; Auto Resource Sharing                                                           ; Off                ; Off                ;
; Allow Any RAM Size For Recognition                                              ; Off                ; Off                ;
; Allow Any ROM Size For Recognition                                              ; Off                ; Off                ;
; Allow Any Shift Register Size For Recognition                                   ; Off                ; Off                ;
; Use LogicLock Constraints during Resource Balancing                             ; On                 ; On                 ;
; Ignore translate_off and synthesis_off directives                               ; Off                ; Off                ;
; Timing-Driven Synthesis                                                         ; On                 ; On                 ;
; Report Parameter Settings                                                       ; On                 ; On                 ;
; Report Source Assignments                                                       ; On                 ; On                 ;
; Report Connectivity Checks                                                      ; On                 ; On                 ;
; Ignore Maximum Fan-Out Assignments                                              ; Off                ; Off                ;
; Synchronization Register Chain Length                                           ; 3                  ; 3                  ;
; PowerPlay Power Optimization During Synthesis                                   ; Normal compilation ; Normal compilation ;
; HDL message level                                                               ; Level2             ; Level2             ;
; Suppress Register Optimization Related Messages                                 ; Off                ; Off                ;
; Number of Removed Registers Reported in Synthesis Report                        ; 5000               ; 5000               ;
; Number of Swept Nodes Reported in Synthesis Report                              ; 5000               ; 5000               ;
; Number of Inverted Registers Reported in Synthesis Report                       ; 100                ; 100                ;
; Clock MUX Protection                                                            ; On                 ; On                 ;
; Auto Gated Clock Conversion                                                     ; Off                ; Off                ;
; Block Design Naming                                                             ; Auto               ; Auto               ;
; SDC constraint protection                                                       ; Off                ; Off                ;
; Synthesis Effort                                                                ; Auto               ; Auto               ;
; Shift Register Replacement - Allow Asynchronous Clear Signal                    ; On                 ; On                 ;
; Pre-Mapping Resynthesis Optimization                                            ; Off                ; Off                ;
; Analysis & Synthesis Message Level                                              ; Medium             ; Medium             ;
; Disable Register Merging Across Hierarchies                                     ; Auto               ; Auto               ;
; Resource Aware Inference For Block RAM                                          ; On                 ; On                 ;
; Automatic Parallel Synthesis                                                    ; On                 ; On                 ;
; Partial Reconfiguration Bitstream ID                                            ; Off                ; Off                ;
+---------------------------------------------------------------------------------+--------------------+--------------------+


+------------------------------------------+
; Parallel Compilation                     ;
+----------------------------+-------------+
; Processors                 ; Number      ;
+----------------------------+-------------+
; Number detected on machine ; 4           ;
; Maximum allowed            ; 2           ;
;                            ;             ;
; Average used               ; 1.00        ;
; Maximum used               ; 1           ;
;                            ;             ;
; Usage by Processor         ; % Time Used ;
;     Processor 1            ; 100.0%      ;
+----------------------------+-------------+


+-----------------------------------------------------------+
; Port Connectivity Checks: "binary_to_bcd:comb_35|add3:m6" ;
+-------+-------+----------+--------------------------------+
; Port  ; Type  ; Severity ; Details                        ;
+-------+-------+----------+--------------------------------+
; in[3] ; Input ; Info     ; Stuck at GND                   ;
+-------+-------+----------+--------------------------------+


+-----------------------------------------------------------+
; Port Connectivity Checks: "binary_to_bcd:comb_35|add3:m1" ;
+-------+-------+----------+--------------------------------+
; Port  ; Type  ; Severity ; Details                        ;
+-------+-------+----------+--------------------------------+
; in[3] ; Input ; Info     ; Stuck at GND                   ;
+-------+-------+----------+--------------------------------+


+--------------------------------------------------------------------------------------------------------------------+
; Port Connectivity Checks: "binary_to_bcd:comb_35"                                                                  ;
+----------+--------+----------+-------------------------------------------------------------------------------------+
; Port     ; Type   ; Severity ; Details                                                                             ;
+----------+--------+----------+-------------------------------------------------------------------------------------+
; A[7..5]  ; Input  ; Info     ; Stuck at GND                                                                        ;
; HUNDREDS ; Output ; Info     ; Connected to dangling logic. Logic that only feeds a dangling port will be removed. ;
+----------+--------+----------+-------------------------------------------------------------------------------------+


+----------------------------------------------------------------------------------------------------------------+
; Port Connectivity Checks: "full_adder:comb_27"                                                                 ;
+------+--------+----------+-------------------------------------------------------------------------------------+
; Port ; Type   ; Severity ; Details                                                                             ;
+------+--------+----------+-------------------------------------------------------------------------------------+
; C    ; Output ; Info     ; Connected to dangling logic. Logic that only feeds a dangling port will be removed. ;
+------+--------+----------+-------------------------------------------------------------------------------------+


+-------------------------------+
; Analysis & Synthesis Messages ;
+-------------------------------+
Info: *******************************************************************
Info: Running Quartus Prime Analysis & Synthesis
    Info: Version 16.1.0 Build 196 10/24/2016 SJ Lite Edition
    Info: Processing started: Tue Apr 02 10:57:38 2019
Info: Command: quartus_map --read_settings_files=on --write_settings_files=off LAB9 -c LAB9
Warning (18236): Number of processors has not been specified which may cause overloading on shared machines.  Set the global assignment NUM_PARALLEL_PROCESSORS in your QSF to an appropriate value for best performance.
Info (20030): Parallel compilation is enabled and will use 2 of the 2 processors detected
Info (12021): Found 1 design units, including 1 entities, in source file add3.v
    Info (12023): Found entity 1: add3 File: C:/Users/barber.timothy20/Documents/Github/Quartus/Lab9/add3.v Line: 1
Info (12021): Found 1 design units, including 1 entities, in source file binary_to_bcd.v
    Info (12023): Found entity 1: binary_to_bcd File: C:/Users/barber.timothy20/Documents/Github/Quartus/Lab9/binary_to_bcd.v Line: 1
Info (12021): Found 1 design units, including 1 entities, in source file decoder_7_seg.v
    Info (12023): Found entity 1: decoder_7_seg File: C:/Users/barber.timothy20/Documents/Github/Quartus/Lab9/decoder_7_seg.v Line: 1
Info (12021): Found 1 design units, including 1 entities, in source file full_adder.v
    Info (12023): Found entity 1: full_adder File: C:/Users/barber.timothy20/Documents/Github/Quartus/Lab9/full_adder.v Line: 1
Info (12021): Found 1 design units, including 1 entities, in source file half_adder.v
    Info (12023): Found entity 1: half_adder File: C:/Users/barber.timothy20/Documents/Github/Quartus/Lab9/half_adder.v Line: 1
Critical Warning (10846): Verilog HDL Instantiation warning at full_adder.v(7): instance has no name File: C:/Users/barber.timothy20/Documents/Github/Quartus/Lab9/full_adder.v Line: 7
Critical Warning (10846): Verilog HDL Instantiation warning at full_adder.v(8): instance has no name File: C:/Users/barber.timothy20/Documents/Github/Quartus/Lab9/full_adder.v Line: 8
Warning (12125): Using design file lab9.v, which is not specified as a design file for the current project, but contains definitions for 1 design units and 1 entities in project
    Info (12023): Found entity 1: LAB9 File: C:/Users/barber.timothy20/Documents/Github/Quartus/Lab9/lab9.v Line: 6
Critical Warning (10846): Verilog HDL Instantiation warning at lab9.v(37): instance has no name File: C:/Users/barber.timothy20/Documents/Github/Quartus/Lab9/lab9.v Line: 37
Critical Warning (10846): Verilog HDL Instantiation warning at lab9.v(38): instance has no name File: C:/Users/barber.timothy20/Documents/Github/Quartus/Lab9/lab9.v Line: 38
Critical Warning (10846): Verilog HDL Instantiation warning at lab9.v(44): instance has no name File: C:/Users/barber.timothy20/Documents/Github/Quartus/Lab9/lab9.v Line: 44
Critical Warning (10846): Verilog HDL Instantiation warning at lab9.v(45): instance has no name File: C:/Users/barber.timothy20/Documents/Github/Quartus/Lab9/lab9.v Line: 45
Critical Warning (10846): Verilog HDL Instantiation warning at lab9.v(46): instance has no name File: C:/Users/barber.timothy20/Documents/Github/Quartus/Lab9/lab9.v Line: 46
Critical Warning (10846): Verilog HDL Instantiation warning at lab9.v(47): instance has no name File: C:/Users/barber.timothy20/Documents/Github/Quartus/Lab9/lab9.v Line: 47
Critical Warning (10846): Verilog HDL Instantiation warning at lab9.v(52): instance has no name File: C:/Users/barber.timothy20/Documents/Github/Quartus/Lab9/lab9.v Line: 52
Critical Warning (10846): Verilog HDL Instantiation warning at lab9.v(54): instance has no name File: C:/Users/barber.timothy20/Documents/Github/Quartus/Lab9/lab9.v Line: 54
Critical Warning (10846): Verilog HDL Instantiation warning at lab9.v(55): instance has no name File: C:/Users/barber.timothy20/Documents/Github/Quartus/Lab9/lab9.v Line: 55
Info (12127): Elaborating entity "LAB9" for the top level hierarchy
Info (12128): Elaborating entity "decoder_7_seg" for hierarchy "decoder_7_seg:comb_3" File: C:/Users/barber.timothy20/Documents/Github/Quartus/Lab9/lab9.v Line: 37
Info (12128): Elaborating entity "full_adder" for hierarchy "full_adder:comb_27" File: C:/Users/barber.timothy20/Documents/Github/Quartus/Lab9/lab9.v Line: 44
Info (12128): Elaborating entity "half_adder" for hierarchy "full_adder:comb_27|half_adder:comb_3" File: C:/Users/barber.timothy20/Documents/Github/Quartus/Lab9/full_adder.v Line: 7
Info (12128): Elaborating entity "binary_to_bcd" for hierarchy "binary_to_bcd:comb_35" File: C:/Users/barber.timothy20/Documents/Github/Quartus/Lab9/lab9.v Line: 52
Info (12128): Elaborating entity "add3" for hierarchy "binary_to_bcd:comb_35|add3:m1" File: C:/Users/barber.timothy20/Documents/Github/Quartus/Lab9/binary_to_bcd.v Line: 16
Warning (12011): Net is missing source, defaulting to GND
    Warning (12110): Net "SUM[4]" is missing source, defaulting to GND File: C:/Users/barber.timothy20/Documents/Github/Quartus/Lab9/lab9.v Line: 30
    Warning (12110): Net "SUM[3]" is missing source, defaulting to GND File: C:/Users/barber.timothy20/Documents/Github/Quartus/Lab9/lab9.v Line: 30
Warning (12011): Net is missing source, defaulting to GND
    Warning (12110): Net "SUM[4]" is missing source, defaulting to GND File: C:/Users/barber.timothy20/Documents/Github/Quartus/Lab9/lab9.v Line: 30
    Warning (12110): Net "SUM[3]" is missing source, defaulting to GND File: C:/Users/barber.timothy20/Documents/Github/Quartus/Lab9/lab9.v Line: 30
    Warning (12110): Net "SUM[2]" is missing source, defaulting to GND File: C:/Users/barber.timothy20/Documents/Github/Quartus/Lab9/lab9.v Line: 30
Warning (12011): Net is missing source, defaulting to GND
    Warning (12110): Net "SUM[4]" is missing source, defaulting to GND File: C:/Users/barber.timothy20/Documents/Github/Quartus/Lab9/lab9.v Line: 30
    Warning (12110): Net "SUM[3]" is missing source, defaulting to GND File: C:/Users/barber.timothy20/Documents/Github/Quartus/Lab9/lab9.v Line: 30
    Warning (12110): Net "SUM[2]" is missing source, defaulting to GND File: C:/Users/barber.timothy20/Documents/Github/Quartus/Lab9/lab9.v Line: 30
    Warning (12110): Net "SUM[1]" is missing source, defaulting to GND File: C:/Users/barber.timothy20/Documents/Github/Quartus/Lab9/lab9.v Line: 30
Warning (12011): Net is missing source, defaulting to GND
    Warning (12110): Net "SUM[4]" is missing source, defaulting to GND File: C:/Users/barber.timothy20/Documents/Github/Quartus/Lab9/lab9.v Line: 30
    Warning (12110): Net "SUM[3]" is missing source, defaulting to GND File: C:/Users/barber.timothy20/Documents/Github/Quartus/Lab9/lab9.v Line: 30
    Warning (12110): Net "SUM[2]" is missing source, defaulting to GND File: C:/Users/barber.timothy20/Documents/Github/Quartus/Lab9/lab9.v Line: 30
    Warning (12110): Net "SUM[1]" is missing source, defaulting to GND File: C:/Users/barber.timothy20/Documents/Github/Quartus/Lab9/lab9.v Line: 30
    Warning (12110): Net "SUM[0]" is missing source, defaulting to GND File: C:/Users/barber.timothy20/Documents/Github/Quartus/Lab9/lab9.v Line: 30
Warning (12011): Net is missing source, defaulting to GND
    Warning (12110): Net "SUM[4]" is missing source, defaulting to GND File: C:/Users/barber.timothy20/Documents/Github/Quartus/Lab9/lab9.v Line: 30
    Warning (12110): Net "SUM[3]" is missing source, defaulting to GND File: C:/Users/barber.timothy20/Documents/Github/Quartus/Lab9/lab9.v Line: 30
    Warning (12110): Net "SUM[2]" is missing source, defaulting to GND File: C:/Users/barber.timothy20/Documents/Github/Quartus/Lab9/lab9.v Line: 30
    Warning (12110): Net "SUM[1]" is missing source, defaulting to GND File: C:/Users/barber.timothy20/Documents/Github/Quartus/Lab9/lab9.v Line: 30
    Warning (12110): Net "SUM[0]" is missing source, defaulting to GND File: C:/Users/barber.timothy20/Documents/Github/Quartus/Lab9/lab9.v Line: 30
Warning (12011): Net is missing source, defaulting to GND
    Warning (12110): Net "SUM[4]" is missing source, defaulting to GND File: C:/Users/barber.timothy20/Documents/Github/Quartus/Lab9/lab9.v Line: 30
    Warning (12110): Net "SUM[3]" is missing source, defaulting to GND File: C:/Users/barber.timothy20/Documents/Github/Quartus/Lab9/lab9.v Line: 30
    Warning (12110): Net "SUM[2]" is missing source, defaulting to GND File: C:/Users/barber.timothy20/Documents/Github/Quartus/Lab9/lab9.v Line: 30
    Warning (12110): Net "SUM[1]" is missing source, defaulting to GND File: C:/Users/barber.timothy20/Documents/Github/Quartus/Lab9/lab9.v Line: 30
    Warning (12110): Net "SUM[0]" is missing source, defaulting to GND File: C:/Users/barber.timothy20/Documents/Github/Quartus/Lab9/lab9.v Line: 30
Error (12014): Net "HEX3[6]", which fans out to "HEX3[6]", cannot be assigned more than one value File: C:/Users/barber.timothy20/Documents/Github/Quartus/Lab9/lab9.v Line: 17
    Error (12015): Net is fed by "VCC"
    Error (12015): Net is fed by "decoder_7_seg:comb_4|SEG[6]" File: C:/Users/barber.timothy20/Documents/Github/Quartus/Lab9/decoder_7_seg.v Line: 7
Error (12014): Net "HEX3[5]", which fans out to "HEX3[5]", cannot be assigned more than one value File: C:/Users/barber.timothy20/Documents/Github/Quartus/Lab9/lab9.v Line: 17
    Error (12015): Net is fed by "VCC"
    Error (12015): Net is fed by "decoder_7_seg:comb_4|SEG[5]" File: C:/Users/barber.timothy20/Documents/Github/Quartus/Lab9/decoder_7_seg.v Line: 7
Error (12014): Net "HEX3[4]", which fans out to "HEX3[4]", cannot be assigned more than one value File: C:/Users/barber.timothy20/Documents/Github/Quartus/Lab9/lab9.v Line: 17
    Error (12015): Net is fed by "VCC"
    Error (12015): Net is fed by "decoder_7_seg:comb_4|SEG[4]" File: C:/Users/barber.timothy20/Documents/Github/Quartus/Lab9/decoder_7_seg.v Line: 7
Error (12014): Net "HEX3[3]", which fans out to "HEX3[3]", cannot be assigned more than one value File: C:/Users/barber.timothy20/Documents/Github/Quartus/Lab9/lab9.v Line: 17
    Error (12015): Net is fed by "VCC"
    Error (12015): Net is fed by "decoder_7_seg:comb_4|SEG[3]" File: C:/Users/barber.timothy20/Documents/Github/Quartus/Lab9/decoder_7_seg.v Line: 7
Error (12014): Net "HEX3[2]", which fans out to "HEX3[2]", cannot be assigned more than one value File: C:/Users/barber.timothy20/Documents/Github/Quartus/Lab9/lab9.v Line: 17
    Error (12015): Net is fed by "VCC"
    Error (12015): Net is fed by "decoder_7_seg:comb_4|SEG[2]" File: C:/Users/barber.timothy20/Documents/Github/Quartus/Lab9/decoder_7_seg.v Line: 7
Error (12014): Net "HEX3[1]", which fans out to "HEX3[1]", cannot be assigned more than one value File: C:/Users/barber.timothy20/Documents/Github/Quartus/Lab9/lab9.v Line: 17
    Error (12015): Net is fed by "VCC"
    Error (12015): Net is fed by "decoder_7_seg:comb_4|SEG[1]" File: C:/Users/barber.timothy20/Documents/Github/Quartus/Lab9/decoder_7_seg.v Line: 7
Error (12014): Net "HEX3[0]", which fans out to "HEX3[0]", cannot be assigned more than one value File: C:/Users/barber.timothy20/Documents/Github/Quartus/Lab9/lab9.v Line: 17
    Error (12015): Net is fed by "VCC"
    Error (12015): Net is fed by "decoder_7_seg:comb_4|SEG[0]" File: C:/Users/barber.timothy20/Documents/Github/Quartus/Lab9/decoder_7_seg.v Line: 7
Error (12014): Net "HEX5[6]", which fans out to "HEX5[6]", cannot be assigned more than one value File: C:/Users/barber.timothy20/Documents/Github/Quartus/Lab9/lab9.v Line: 18
    Error (12015): Net is fed by "VCC"
    Error (12015): Net is fed by "decoder_7_seg:comb_3|SEG[6]" File: C:/Users/barber.timothy20/Documents/Github/Quartus/Lab9/decoder_7_seg.v Line: 7
Error (12014): Net "HEX5[5]", which fans out to "HEX5[5]", cannot be assigned more than one value File: C:/Users/barber.timothy20/Documents/Github/Quartus/Lab9/lab9.v Line: 18
    Error (12015): Net is fed by "VCC"
    Error (12015): Net is fed by "decoder_7_seg:comb_3|SEG[5]" File: C:/Users/barber.timothy20/Documents/Github/Quartus/Lab9/decoder_7_seg.v Line: 7
Error (12014): Net "HEX5[4]", which fans out to "HEX5[4]", cannot be assigned more than one value File: C:/Users/barber.timothy20/Documents/Github/Quartus/Lab9/lab9.v Line: 18
    Error (12015): Net is fed by "VCC"
    Error (12015): Net is fed by "decoder_7_seg:comb_3|SEG[4]" File: C:/Users/barber.timothy20/Documents/Github/Quartus/Lab9/decoder_7_seg.v Line: 7
Error (12014): Net "HEX5[3]", which fans out to "HEX5[3]", cannot be assigned more than one value File: C:/Users/barber.timothy20/Documents/Github/Quartus/Lab9/lab9.v Line: 18
    Error (12015): Net is fed by "VCC"
    Error (12015): Net is fed by "decoder_7_seg:comb_3|SEG[3]" File: C:/Users/barber.timothy20/Documents/Github/Quartus/Lab9/decoder_7_seg.v Line: 7
Error (12014): Net "HEX5[2]", which fans out to "HEX5[2]", cannot be assigned more than one value File: C:/Users/barber.timothy20/Documents/Github/Quartus/Lab9/lab9.v Line: 18
    Error (12015): Net is fed by "VCC"
    Error (12015): Net is fed by "decoder_7_seg:comb_3|SEG[2]" File: C:/Users/barber.timothy20/Documents/Github/Quartus/Lab9/decoder_7_seg.v Line: 7
Error (12014): Net "HEX5[1]", which fans out to "HEX5[1]", cannot be assigned more than one value File: C:/Users/barber.timothy20/Documents/Github/Quartus/Lab9/lab9.v Line: 18
    Error (12015): Net is fed by "VCC"
    Error (12015): Net is fed by "decoder_7_seg:comb_3|SEG[1]" File: C:/Users/barber.timothy20/Documents/Github/Quartus/Lab9/decoder_7_seg.v Line: 7
Error (12014): Net "HEX5[0]", which fans out to "HEX5[0]", cannot be assigned more than one value File: C:/Users/barber.timothy20/Documents/Github/Quartus/Lab9/lab9.v Line: 18
    Error (12015): Net is fed by "VCC"
    Error (12015): Net is fed by "decoder_7_seg:comb_3|SEG[0]" File: C:/Users/barber.timothy20/Documents/Github/Quartus/Lab9/decoder_7_seg.v Line: 7
Error (12014): Net "B[3]", which fans out to "decoder_7_seg:comb_4|D[3]", cannot be assigned more than one value File: C:/Users/barber.timothy20/Documents/Github/Quartus/Lab9/lab9.v Line: 31
    Error (12015): Net is fed by "full_adder:comb_30|S" File: C:/Users/barber.timothy20/Documents/Github/Quartus/Lab9/full_adder.v Line: 3
    Error (12015): Net is fed by "SW[3]" File: C:/Users/barber.timothy20/Documents/Github/Quartus/Lab9/lab9.v Line: 22
Error (12014): Net "B[2]", which fans out to "decoder_7_seg:comb_4|D[2]", cannot be assigned more than one value File: C:/Users/barber.timothy20/Documents/Github/Quartus/Lab9/lab9.v Line: 31
    Error (12015): Net is fed by "full_adder:comb_29|S" File: C:/Users/barber.timothy20/Documents/Github/Quartus/Lab9/full_adder.v Line: 3
    Error (12015): Net is fed by "SW[2]" File: C:/Users/barber.timothy20/Documents/Github/Quartus/Lab9/lab9.v Line: 22
Error (12014): Net "B[1]", which fans out to "decoder_7_seg:comb_4|D[1]", cannot be assigned more than one value File: C:/Users/barber.timothy20/Documents/Github/Quartus/Lab9/lab9.v Line: 31
    Error (12015): Net is fed by "full_adder:comb_28|S" File: C:/Users/barber.timothy20/Documents/Github/Quartus/Lab9/full_adder.v Line: 3
    Error (12015): Net is fed by "SW[1]" File: C:/Users/barber.timothy20/Documents/Github/Quartus/Lab9/lab9.v Line: 22
Error (12014): Net "B[0]", which fans out to "decoder_7_seg:comb_4|D[0]", cannot be assigned more than one value File: C:/Users/barber.timothy20/Documents/Github/Quartus/Lab9/lab9.v Line: 31
    Error (12015): Net is fed by "full_adder:comb_27|S" File: C:/Users/barber.timothy20/Documents/Github/Quartus/Lab9/full_adder.v Line: 3
    Error (12015): Net is fed by "SW[0]" File: C:/Users/barber.timothy20/Documents/Github/Quartus/Lab9/lab9.v Line: 22
Error: Quartus Prime Analysis & Synthesis was unsuccessful. 54 errors, 43 warnings
    Error: Peak virtual memory: 657 megabytes
    Error: Processing ended: Tue Apr 02 10:57:51 2019
    Error: Elapsed time: 00:00:13
    Error: Total CPU time (on all processors): 00:00:30


